<?xml version="1.0" encoding="UTF-8"?>
<testsuite xmlns:xsi="http://www.w3.org/2001/XMLSchema-instance" xsi:noNamespaceSchemaLocation="https://maven.apache.org/surefire/maven-surefire-plugin/xsd/surefire-test-report-3.0.xsd" version="3.0" name="rakuten.zeromanual.history.HistoryRunner" time="8.254" tests="1" errors="0" skipped="0" failures="0">
  <properties>
[...]
</properties>
  <testcase name="[1:11] via gateway" classname="rakuten/zeromanual/history/history" time="5.546">
    <system-out><![CDATA[09:43:39.774 [main] INFO  com.intuit.karate - Initializing extent report...
09:43:40.239 [main] INFO  com.intuit.karate - Extent report is created in C:\Users\os-tingting.liu\Documents\report\Extent_Report.html
09:43:42.382 [main] INFO  com.intuit.karate - karate.env system property was: null 
09:43:42.406 [main] INFO  com.intuit.karate - karate.api.proxy system property was: http://stg-proxy.travel.rakuten.co.jp:9050 
09:43:42.424 [main] INFO  com.intuit.karate - karate.ui.proxy system property was: null 
09:43:42.424 [main] INFO  com.intuit.karate - karate.ui.showBrowser system property was: null 
09:43:43.011 [main] INFO  com.intuit.karate - [print] http://stg-proxy.travel.rakuten.co.jp:9050 
09:43:44.022 [main] INFO  com.intuit.karate - [print] http://history.api.travel.stg.jp.local/historyapi/v1/ja_JP/behavior?fromDate=2024-06-18T08%3A43%3A43Z&providerId=31571&toDate=2024-06-18T09%3A43%3A43Z&type=pageview 
09:43:44.025 [main] INFO  com.intuit.karate - [print] null 
09:43:44.028 [main] INFO  com.intuit.karate - [print] {
  "Host": "history.api.travel.stg.jp.local",
  "Proxy-Connection": "Keep-Alive",
  "User-Agent": "Apache-HttpClient/4.5.14 (Java/17.0.11)",
  "Accept-Encoding": "gzip,deflate"
}
 
09:43:44.031 [main] INFO  com.intuit.karate - [print] 200 
09:43:44.031 [main] INFO  com.intuit.karate - [print] {
  "total": 0
}
 
09:43:44.034 [main] INFO  com.intuit.karate - [print] {
  "total": 0
}
 
---------------------------------------------------------
feature: classpath:rakuten/zeromanual/history/history.feature
scenarios:  1 | passed:  1 | failed:  0 | time: 1.0528
---------------------------------------------------------

Karate version: 1.4.1
======================================================
elapsed:   5.70 | threads:    1 | thread time: 1.05 
features:     1 | skipped:    0 | efficiency: 0.18
scenarios:    1 | passed:     1 | failed: 0
======================================================

HTML report: (paste into browser to view) | Karate version: 1.4.1
file:///C:/Users/os-tingting.liu/Downloads/test-automation-karate-feature-extent-report-yanni/target/karate-reports/karate-summary.html
===================================================================

]]></system-out>
  </testcase>
</testsuite>