<?xml version="1.0" encoding="UTF-8"?>
<testsuite xmlns:xsi="http://www.w3.org/2001/XMLSchema-instance" xsi:noNamespaceSchemaLocation="https://maven.apache.org/surefire/maven-surefire-plugin/xsd/surefire-test-report-3.0.xsd" version="3.0" name="rakuten.zeromanual.provider_api.ProviderapiRunner" time="9.056" tests="9" errors="0" skipped="0" failures="0">
  <properties>
[...]
</properties>
  <testcase name="[1:11] Create Provider" classname="rakuten/zeromanual/provider_api/provider_api" time="4.344">
    <system-out><![CDATA[15:36:15.919 [main] INFO  com.intuit.karate - Initializing extent report...
15:36:16.171 [main] INFO  com.intuit.karate - Extent report is created in C:\Users\os-tingting.liu\Documents\report\Extent_Report.html
15:36:18.329 [main] INFO  com.intuit.karate - karate.env system property was: null 
15:36:18.347 [main] INFO  com.intuit.karate - karate.api.proxy system property was: http://stg-proxy.travel.rakuten.co.jp:9050 
15:36:18.359 [main] INFO  com.intuit.karate - karate.ui.proxy system property was: null 
15:36:18.362 [main] INFO  com.intuit.karate - karate.ui.showBrowser system property was: null 
15:36:18.962 [main] INFO  com.intuit.karate - [print] http://stg-proxy.travel.rakuten.co.jp:9050 
15:36:19.783 [main] INFO  com.intuit.karate - [print] http://provider.travel.stg.jp.local/provider//v1/providers 
15:36:19.786 [main] INFO  com.intuit.karate - [print] 201 
15:36:19.786 [main] INFO  com.intuit.karate - [print]  
15:36:19.792 [main] INFO  com.intuit.karate - [print] {
  "Content-Type": "application/json; charset=UTF-8",
  "Content-Length": "40",
  "Host": "provider.travel.stg.jp.local",
  "Proxy-Connection": "Keep-Alive",
  "User-Agent": "Apache-HttpClient/4.5.14 (Java/17.0.11)",
  "Accept-Encoding": "gzip,deflate"
}
 
15:36:19.891 [main] INFO  com.intuit.karate - [print] http://provider.travel.stg.jp.local/provider//v1/providers/search/findByCategoryAndSpecificId?specificId=766806&category=HOTEL 
15:36:19.894 [main] INFO  com.intuit.karate - [print] 200 
15:36:19.894 [main] INFO  com.intuit.karate - [print] {
  "id": "91f5e561-ad53-4483-a4ef-eca0ce76f637"
}
 
15:36:19.894 [main] INFO  com.intuit.karate - [print] {
  "Host": "provider.travel.stg.jp.local",
  "Proxy-Connection": "Keep-Alive",
  "User-Agent": "Apache-HttpClient/4.5.14 (Java/17.0.11)",
  "Accept-Encoding": "gzip,deflate"
}
 
15:36:19.996 [main] INFO  com.intuit.karate - [print] http://provider.travel.stg.jp.local/provider/v1/providers/91f5e561-ad53-4483-a4ef-eca0ce76f637 
15:36:19.999 [main] INFO  com.intuit.karate - [print] 204 
15:36:19.999 [main] INFO  com.intuit.karate - [print]  
15:36:20.002 [main] INFO  com.intuit.karate - [print] {
  "Host": "provider.travel.stg.jp.local",
  "Proxy-Connection": "Keep-Alive",
  "User-Agent": "Apache-HttpClient/4.5.14 (Java/17.0.11)",
  "Accept-Encoding": "gzip,deflate"
}
 
]]></system-out>
  </testcase>
  <testcase name="[2:20] fetch1 Provider" classname="rakuten/zeromanual/provider_api/provider_api" time="0.276">
    <system-out><![CDATA[15:36:20.272 [main] INFO  com.intuit.karate - karate.env system property was: null 
15:36:20.272 [main] INFO  com.intuit.karate - karate.api.proxy system property was: http://stg-proxy.travel.rakuten.co.jp:9050 
15:36:20.272 [main] INFO  com.intuit.karate - karate.ui.proxy system property was: null 
15:36:20.275 [main] INFO  com.intuit.karate - karate.ui.showBrowser system property was: null 
15:36:20.293 [main] INFO  com.intuit.karate - [print] http://stg-proxy.travel.rakuten.co.jp:9050 
15:36:20.341 [main] INFO  com.intuit.karate - [print] http://provider.travel.stg.jp.local/provider//v1/providers/34cc8383-f435-48de-94c0-c48dfeb3be85 
15:36:20.344 [main] INFO  com.intuit.karate - [print] 200 
15:36:20.344 [main] INFO  com.intuit.karate - [print] {
  "specificId": "102499",
  "category": "HOTEL"
}
 
15:36:20.347 [main] INFO  com.intuit.karate - [print] {
  "Host": "provider.travel.stg.jp.local",
  "Proxy-Connection": "Keep-Alive",
  "User-Agent": "Apache-HttpClient/4.5.14 (Java/17.0.11)",
  "Accept-Encoding": "gzip,deflate"
}
 
]]></system-out>
  </testcase>
  <testcase name="[3:34] fetch2 Provider" classname="rakuten/zeromanual/provider_api/provider_api" time="0.217">
    <system-out><![CDATA[15:36:20.542 [main] INFO  com.intuit.karate - karate.env system property was: null 
15:36:20.542 [main] INFO  com.intuit.karate - karate.api.proxy system property was: http://stg-proxy.travel.rakuten.co.jp:9050 
15:36:20.542 [main] INFO  com.intuit.karate - karate.ui.proxy system property was: null 
15:36:20.542 [main] INFO  com.intuit.karate - karate.ui.showBrowser system property was: null 
15:36:20.554 [main] INFO  com.intuit.karate - [print] http://stg-proxy.travel.rakuten.co.jp:9050 
15:36:20.611 [main] INFO  com.intuit.karate - [print] http://provider.travel.stg.jp.local/provider//v2/providers/34cc8383-f435-48de-94c0-c48dfeb3be85 
15:36:20.614 [main] INFO  com.intuit.karate - [print] 200 
15:36:20.617 [main] INFO  com.intuit.karate - [print] {
  "specificId": "102499",
  "category": "HOTEL",
  "districtId": 10873,
  "currency": "JPY",
  "competitors": [
  ]
}
 
15:36:20.617 [main] INFO  com.intuit.karate - [print] {
  "Host": "provider.travel.stg.jp.local",
  "Proxy-Connection": "Keep-Alive",
  "User-Agent": "Apache-HttpClient/4.5.14 (Java/17.0.11)",
  "Accept-Encoding": "gzip,deflate"
}
 
]]></system-out>
  </testcase>
  <testcase name="[4:48] Search Provider" classname="rakuten/zeromanual/provider_api/provider_api" time="0.255">
    <system-out><![CDATA[15:36:20.762 [main] INFO  com.intuit.karate - karate.env system property was: null 
15:36:20.762 [main] INFO  com.intuit.karate - karate.api.proxy system property was: http://stg-proxy.travel.rakuten.co.jp:9050 
15:36:20.762 [main] INFO  com.intuit.karate - karate.ui.proxy system property was: null 
15:36:20.765 [main] INFO  com.intuit.karate - karate.ui.showBrowser system property was: null 
15:36:20.777 [main] INFO  com.intuit.karate - [print] http://stg-proxy.travel.rakuten.co.jp:9050 
15:36:20.831 [main] INFO  com.intuit.karate - [print] http://provider.travel.stg.jp.local/provider//v1/providers/search/findByCategoryAndSpecificId?specificId=102498&category=HOTEL 
15:36:20.834 [main] INFO  com.intuit.karate - [print] 200 
15:36:20.834 [main] INFO  com.intuit.karate - [print] {
  "id": "e359e794-8c6c-4fc7-b0c7-f929bd51bc88"
}
 
15:36:20.834 [main] INFO  com.intuit.karate - [print] {
  "Host": "provider.travel.stg.jp.local",
  "Proxy-Connection": "Keep-Alive",
  "User-Agent": "Apache-HttpClient/4.5.14 (Java/17.0.11)",
  "Accept-Encoding": "gzip,deflate"
}
 
]]></system-out>
  </testcase>
  <testcase name="[5:64] Remove districtId" classname="rakuten/zeromanual/provider_api/provider_api" time="0.252">
    <system-out><![CDATA[15:36:21.029 [main] INFO  com.intuit.karate - karate.env system property was: null 
15:36:21.029 [main] INFO  com.intuit.karate - karate.api.proxy system property was: http://stg-proxy.travel.rakuten.co.jp:9050 
15:36:21.029 [main] INFO  com.intuit.karate - karate.ui.proxy system property was: null 
15:36:21.032 [main] INFO  com.intuit.karate - karate.ui.showBrowser system property was: null 
15:36:21.056 [main] INFO  com.intuit.karate - [print] http://stg-proxy.travel.rakuten.co.jp:9050 
15:36:21.113 [main] INFO  com.intuit.karate - [print] http://provider.travel.stg.jp.local/provider//v1/providers/34cc8383-f435-48de-94c0-c48dfeb3be85 
15:36:21.116 [main] INFO  com.intuit.karate - [print] 200 
15:36:21.116 [main] INFO  com.intuit.karate - [print]  
15:36:21.119 [main] INFO  com.intuit.karate - [print] {
  "Content-Type": "application/json; charset=UTF-8",
  "Accept": "application/json",
  "Content-Length": "54",
  "Host": "provider.travel.stg.jp.local",
  "Proxy-Connection": "Keep-Alive",
  "User-Agent": "Apache-HttpClient/4.5.14 (Java/17.0.11)",
  "Accept-Encoding": "gzip,deflate"
}
 
]]></system-out>
  </testcase>
  <testcase name="[6:80] Replace districtId" classname="rakuten/zeromanual/provider_api/provider_api" time="0.276">
    <system-out><![CDATA[15:36:21.278 [main] INFO  com.intuit.karate - karate.env system property was: null 
15:36:21.278 [main] INFO  com.intuit.karate - karate.api.proxy system property was: http://stg-proxy.travel.rakuten.co.jp:9050 
15:36:21.281 [main] INFO  com.intuit.karate - karate.ui.proxy system property was: null 
15:36:21.281 [main] INFO  com.intuit.karate - karate.ui.showBrowser system property was: null 
15:36:21.293 [main] INFO  com.intuit.karate - [print] http://stg-proxy.travel.rakuten.co.jp:9050 
15:36:21.353 [main] INFO  com.intuit.karate - [print] http://provider.travel.stg.jp.local/provider//v1/providers/34cc8383-f435-48de-94c0-c48dfeb3be85 
15:36:21.353 [main] INFO  com.intuit.karate - [print] 200 
15:36:21.356 [main] INFO  com.intuit.karate - [print]  
15:36:21.356 [main] INFO  com.intuit.karate - [print] {
  "Content-Type": "application/json; charset=UTF-8",
  "Accept": "application/json",
  "Content-Length": "56",
  "Host": "provider.travel.stg.jp.local",
  "Proxy-Connection": "Keep-Alive",
  "User-Agent": "Apache-HttpClient/4.5.14 (Java/17.0.11)",
  "Accept-Encoding": "gzip,deflate"
}
 
]]></system-out>
  </testcase>
  <testcase name="[7:96] Replace currency" classname="rakuten/zeromanual/provider_api/provider_api" time="0.27">
    <system-out><![CDATA[15:36:21.560 [main] INFO  com.intuit.karate - karate.env system property was: null 
15:36:21.563 [main] INFO  com.intuit.karate - karate.api.proxy system property was: http://stg-proxy.travel.rakuten.co.jp:9050 
15:36:21.563 [main] INFO  com.intuit.karate - karate.ui.proxy system property was: null 
15:36:21.563 [main] INFO  com.intuit.karate - karate.ui.showBrowser system property was: null 
15:36:21.581 [main] INFO  com.intuit.karate - [print] http://stg-proxy.travel.rakuten.co.jp:9050 
15:36:21.644 [main] INFO  com.intuit.karate - [print] http://provider.travel.stg.jp.local/provider//v1/providers/34cc8383-f435-48de-94c0-c48dfeb3be85 
15:36:21.644 [main] INFO  com.intuit.karate - [print] 200 
15:36:21.650 [main] INFO  com.intuit.karate - [print]  
15:36:21.650 [main] INFO  com.intuit.karate - [print] {
  "Content-Type": "application/json; charset=UTF-8",
  "Accept": "application/json",
  "Content-Length": "52",
  "Host": "provider.travel.stg.jp.local",
  "Proxy-Connection": "Keep-Alive",
  "User-Agent": "Apache-HttpClient/4.5.14 (Java/17.0.11)",
  "Accept-Encoding": "gzip,deflate"
}
 
]]></system-out>
  </testcase>
  <testcase name="[8:112] Replace competitors" classname="rakuten/zeromanual/provider_api/provider_api" time="0.252">
    <system-out><![CDATA[15:36:21.836 [main] INFO  com.intuit.karate - karate.env system property was: null 
15:36:21.836 [main] INFO  com.intuit.karate - karate.api.proxy system property was: http://stg-proxy.travel.rakuten.co.jp:9050 
15:36:21.839 [main] INFO  com.intuit.karate - karate.ui.proxy system property was: null 
15:36:21.839 [main] INFO  com.intuit.karate - karate.ui.showBrowser system property was: null 
15:36:21.863 [main] INFO  com.intuit.karate - [print] http://stg-proxy.travel.rakuten.co.jp:9050 
15:36:21.914 [main] INFO  com.intuit.karate - [print] http://provider.travel.stg.jp.local/provider//v1/providers/34cc8383-f435-48de-94c0-c48dfeb3be85 
15:36:21.917 [main] INFO  com.intuit.karate - [print] 200 
15:36:21.917 [main] INFO  com.intuit.karate - [print]  
15:36:21.920 [main] INFO  com.intuit.karate - [print] {
  "Content-Type": "application/json; charset=UTF-8",
  "Accept": "application/json",
  "Content-Length": "90",
  "Host": "provider.travel.stg.jp.local",
  "Proxy-Connection": "Keep-Alive",
  "User-Agent": "Apache-HttpClient/4.5.14 (Java/17.0.11)",
  "Accept-Encoding": "gzip,deflate"
}
 
]]></system-out>
  </testcase>
  <testcase name="[9:127] Remove competitors" classname="rakuten/zeromanual/provider_api/provider_api" time="1.475">
    <system-out><![CDATA[15:36:22.085 [main] INFO  com.intuit.karate - karate.env system property was: null 
15:36:22.085 [main] INFO  com.intuit.karate - karate.api.proxy system property was: http://stg-proxy.travel.rakuten.co.jp:9050 
15:36:22.085 [main] INFO  com.intuit.karate - karate.ui.proxy system property was: null 
15:36:22.088 [main] INFO  com.intuit.karate - karate.ui.showBrowser system property was: null 
15:36:22.100 [main] INFO  com.intuit.karate - [print] http://stg-proxy.travel.rakuten.co.jp:9050 
15:36:22.157 [main] INFO  com.intuit.karate - [print] http://provider.travel.stg.jp.local/provider//v1/providers/34cc8383-f435-48de-94c0-c48dfeb3be85 
15:36:22.157 [main] INFO  com.intuit.karate - [print] 200 
15:36:22.160 [main] INFO  com.intuit.karate - [print]  
15:36:22.160 [main] INFO  com.intuit.karate - [print] {
  "Content-Type": "application/json; charset=UTF-8",
  "Accept": "application/json",
  "Content-Length": "89",
  "Host": "provider.travel.stg.jp.local",
  "Proxy-Connection": "Keep-Alive",
  "User-Agent": "Apache-HttpClient/4.5.14 (Java/17.0.11)",
  "Accept-Encoding": "gzip,deflate"
}
 
---------------------------------------------------------
feature: classpath:rakuten/zeromanual/provider_api/provider_api.feature
scenarios:  9 | passed:  9 | failed:  0 | time: 1.5726
---------------------------------------------------------

Karate version: 1.4.1
======================================================
elapsed:   7.70 | threads:    1 | thread time: 1.57 
features:     1 | skipped:    0 | efficiency: 0.20
scenarios:    9 | passed:     9 | failed: 0
======================================================

HTML report: (paste into browser to view) | Karate version: 1.4.1
file:///C:/Users/os-tingting.liu/Downloads/test-automation-karate-feature-extent-report-yanni/target/karate-reports/karate-summary.html
===================================================================

]]></system-out>
  </testcase>
</testsuite>