<?xml version="1.0" encoding="UTF-8"?>
<testsuite xmlns:xsi="http://www.w3.org/2001/XMLSchema-instance" xsi:noNamespaceSchemaLocation="https://maven.apache.org/surefire/maven-surefire-plugin/xsd/surefire-test-report-3.0.xsd" version="3.0" name="rakuten.zeromanual.apihotelRegressionSTG.apihotelRunner" time="8.742" tests="1" errors="0" skipped="0" failures="1">
  <properties>
[...]
</properties>
  <testcase name="[1:11] domestic data" classname="rakuten/zeromanual/apihotelRegressionSTG/apihotel" time="4.87">
    <failure message="match failed: EQUALS&#10;  $ | not equal (STRING:STRING)&#10;  &apos;&#10;				&apos;&#10;  &apos;&#10;            &apos;&#10;&#10;classpath:rakuten/zeromanual/apihotelRegressionSTG/apihotel.feature:52" type="org.opentest4j.AssertionFailedError"><![CDATA[org.opentest4j.AssertionFailedError: 
match failed: EQUALS
  $ | not equal (STRING:STRING)
  '
				'
  '
            '

classpath:rakuten/zeromanual/apihotelRegressionSTG/apihotel.feature:52
	at org.junit.jupiter.api.AssertionUtils.fail(AssertionUtils.java:38)
	at org.junit.jupiter.api.Assertions.fail(Assertions.java:135)
	at com.intuit.karate.junit5.FeatureNode.lambda$next$1(FeatureNode.java:86)
	at org.junit.jupiter.engine.descriptor.DynamicTestTestDescriptor.lambda$execute$0(DynamicTestTestDescriptor.java:53)
	at org.junit.jupiter.engine.execution.InvocationInterceptorChain$ValidatingInvocation.proceed(InvocationInterceptorChain.java:131)
	at org.junit.jupiter.api.extension.InvocationInterceptor.interceptDynamicTest(InvocationInterceptor.java:167)
	at org.junit.jupiter.api.extension.InvocationInterceptor.interceptDynamicTest(InvocationInterceptor.java:184)
	at org.junit.jupiter.engine.descriptor.DynamicTestTestDescriptor.lambda$execute$1(DynamicTestTestDescriptor.java:61)
	at org.junit.jupiter.engine.execution.InvocationInterceptorChain$InterceptorCall.lambda$ofVoid$0(InvocationInterceptorChain.java:78)
	at org.junit.jupiter.engine.execution.InvocationInterceptorChain$InterceptedInvocation.proceed(InvocationInterceptorChain.java:106)
	at org.junit.jupiter.engine.execution.InvocationInterceptorChain.proceed(InvocationInterceptorChain.java:64)
	at org.junit.jupiter.engine.execution.InvocationInterceptorChain.chainAndInvoke(InvocationInterceptorChain.java:45)
	at org.junit.jupiter.engine.execution.InvocationInterceptorChain.invoke(InvocationInterceptorChain.java:37)
	at org.junit.jupiter.engine.descriptor.DynamicTestTestDescriptor.execute(DynamicTestTestDescriptor.java:60)
	at org.junit.jupiter.engine.descriptor.DynamicTestTestDescriptor.execute(DynamicTestTestDescriptor.java:32)
	at org.junit.platform.engine.support.hierarchical.NodeTestTask.lambda$executeRecursively$6(NodeTestTask.java:151)
	at org.junit.platform.engine.support.hierarchical.ThrowableCollector.execute(ThrowableCollector.java:73)
	at org.junit.platform.engine.support.hierarchical.NodeTestTask.lambda$executeRecursively$8(NodeTestTask.java:141)
	at org.junit.platform.engine.support.hierarchical.Node.around(Node.java:137)
	at org.junit.platform.engine.support.hierarchical.NodeTestTask.lambda$executeRecursively$9(NodeTestTask.java:139)
	at org.junit.platform.engine.support.hierarchical.ThrowableCollector.execute(ThrowableCollector.java:73)
	at org.junit.platform.engine.support.hierarchical.NodeTestTask.executeRecursively(NodeTestTask.java:138)
	at org.junit.platform.engine.support.hierarchical.NodeTestTask.execute(NodeTestTask.java:95)
	at org.junit.platform.engine.support.hierarchical.SameThreadHierarchicalTestExecutorService.submit(SameThreadHierarchicalTestExecutorService.java:35)
	at org.junit.platform.engine.support.hierarchical.NodeTestTask$DefaultDynamicTestExecutor.execute(NodeTestTask.java:226)
	at org.junit.platform.engine.support.hierarchical.NodeTestTask$DefaultDynamicTestExecutor.execute(NodeTestTask.java:204)
	at java.base/java.util.stream.ForEachOps$ForEachOp$OfRef.accept(ForEachOps.java:183)
	at java.base/java.util.stream.ReferencePipeline$3$1.accept(ReferencePipeline.java:197)
	at java.base/java.util.stream.ReferencePipeline$2$1.accept(ReferencePipeline.java:179)
	at java.base/java.util.stream.ReferencePipeline$3$1.accept(ReferencePipeline.java:197)
	at java.base/java.util.Iterator.forEachRemaining(Iterator.java:133)
	at java.base/java.util.Spliterators$IteratorSpliterator.forEachRemaining(Spliterators.java:1845)
	at java.base/java.util.stream.AbstractPipeline.copyInto(AbstractPipeline.java:509)
	at java.base/java.util.stream.AbstractPipeline.wrapAndCopyInto(AbstractPipeline.java:499)
	at java.base/java.util.stream.ForEachOps$ForEachOp.evaluateSequential(ForEachOps.java:150)
	at java.base/java.util.stream.ForEachOps$ForEachOp$OfRef.evaluateSequential(ForEachOps.java:173)
	at java.base/java.util.stream.AbstractPipeline.evaluate(AbstractPipeline.java:234)
	at java.base/java.util.stream.ReferencePipeline.forEachOrdered(ReferencePipeline.java:601)
	at org.junit.jupiter.engine.descriptor.DynamicContainerTestDescriptor.execute(DynamicContainerTestDescriptor.java:67)
	at org.junit.jupiter.engine.descriptor.DynamicContainerTestDescriptor.execute(DynamicContainerTestDescriptor.java:33)
	at org.junit.platform.engine.support.hierarchical.NodeTestTask.lambda$executeRecursively$6(NodeTestTask.java:151)
	at org.junit.platform.engine.support.hierarchical.ThrowableCollector.execute(ThrowableCollector.java:73)
	at org.junit.platform.engine.support.hierarchical.NodeTestTask.lambda$executeRecursively$8(NodeTestTask.java:141)
	at org.junit.platform.engine.support.hierarchical.Node.around(Node.java:137)
	at org.junit.platform.engine.support.hierarchical.NodeTestTask.lambda$executeRecursively$9(NodeTestTask.java:139)
	at org.junit.platform.engine.support.hierarchical.ThrowableCollector.execute(ThrowableCollector.java:73)
	at org.junit.platform.engine.support.hierarchical.NodeTestTask.executeRecursively(NodeTestTask.java:138)
	at org.junit.platform.engine.support.hierarchical.NodeTestTask.execute(NodeTestTask.java:95)
	at org.junit.platform.engine.support.hierarchical.SameThreadHierarchicalTestExecutorService.submit(SameThreadHierarchicalTestExecutorService.java:35)
	at org.junit.platform.engine.support.hierarchical.NodeTestTask$DefaultDynamicTestExecutor.execute(NodeTestTask.java:226)
	at org.junit.platform.engine.support.hierarchical.NodeTestTask$DefaultDynamicTestExecutor.execute(NodeTestTask.java:204)
	at java.base/java.util.Optional.ifPresent(Optional.java:178)
	at org.junit.jupiter.engine.descriptor.TestFactoryTestDescriptor.lambda$invokeTestMethod$1(TestFactoryTestDescriptor.java:108)
	at org.junit.platform.engine.support.hierarchical.ThrowableCollector.execute(ThrowableCollector.java:73)
	at org.junit.jupiter.engine.descriptor.TestFactoryTestDescriptor.invokeTestMethod(TestFactoryTestDescriptor.java:95)
	at org.junit.jupiter.engine.descriptor.TestMethodTestDescriptor.execute(TestMethodTestDescriptor.java:138)
	at org.junit.jupiter.engine.descriptor.TestMethodTestDescriptor.execute(TestMethodTestDescriptor.java:68)
	at org.junit.platform.engine.support.hierarchical.NodeTestTask.lambda$executeRecursively$6(NodeTestTask.java:151)
	at org.junit.platform.engine.support.hierarchical.ThrowableCollector.execute(ThrowableCollector.java:73)
	at org.junit.platform.engine.support.hierarchical.NodeTestTask.lambda$executeRecursively$8(NodeTestTask.java:141)
	at org.junit.platform.engine.support.hierarchical.Node.around(Node.java:137)
	at org.junit.platform.engine.support.hierarchical.NodeTestTask.lambda$executeRecursively$9(NodeTestTask.java:139)
	at org.junit.platform.engine.support.hierarchical.ThrowableCollector.execute(ThrowableCollector.java:73)
	at org.junit.platform.engine.support.hierarchical.NodeTestTask.executeRecursively(NodeTestTask.java:138)
	at org.junit.platform.engine.support.hierarchical.NodeTestTask.execute(NodeTestTask.java:95)
	at java.base/java.util.ArrayList.forEach(ArrayList.java:1511)
	at org.junit.platform.engine.support.hierarchical.SameThreadHierarchicalTestExecutorService.invokeAll(SameThreadHierarchicalTestExecutorService.java:41)
	at org.junit.platform.engine.support.hierarchical.NodeTestTask.lambda$executeRecursively$6(NodeTestTask.java:155)
	at org.junit.platform.engine.support.hierarchical.ThrowableCollector.execute(ThrowableCollector.java:73)
	at org.junit.platform.engine.support.hierarchical.NodeTestTask.lambda$executeRecursively$8(NodeTestTask.java:141)
	at org.junit.platform.engine.support.hierarchical.Node.around(Node.java:137)
	at org.junit.platform.engine.support.hierarchical.NodeTestTask.lambda$executeRecursively$9(NodeTestTask.java:139)
	at org.junit.platform.engine.support.hierarchical.ThrowableCollector.execute(ThrowableCollector.java:73)
	at org.junit.platform.engine.support.hierarchical.NodeTestTask.executeRecursively(NodeTestTask.java:138)
	at org.junit.platform.engine.support.hierarchical.NodeTestTask.execute(NodeTestTask.java:95)
	at java.base/java.util.ArrayList.forEach(ArrayList.java:1511)
	at org.junit.platform.engine.support.hierarchical.SameThreadHierarchicalTestExecutorService.invokeAll(SameThreadHierarchicalTestExecutorService.java:41)
	at org.junit.platform.engine.support.hierarchical.NodeTestTask.lambda$executeRecursively$6(NodeTestTask.java:155)
	at org.junit.platform.engine.support.hierarchical.ThrowableCollector.execute(ThrowableCollector.java:73)
	at org.junit.platform.engine.support.hierarchical.NodeTestTask.lambda$executeRecursively$8(NodeTestTask.java:141)
	at org.junit.platform.engine.support.hierarchical.Node.around(Node.java:137)
	at org.junit.platform.engine.support.hierarchical.NodeTestTask.lambda$executeRecursively$9(NodeTestTask.java:139)
	at org.junit.platform.engine.support.hierarchical.ThrowableCollector.execute(ThrowableCollector.java:73)
	at org.junit.platform.engine.support.hierarchical.NodeTestTask.executeRecursively(NodeTestTask.java:138)
	at org.junit.platform.engine.support.hierarchical.NodeTestTask.execute(NodeTestTask.java:95)
	at org.junit.platform.engine.support.hierarchical.SameThreadHierarchicalTestExecutorService.submit(SameThreadHierarchicalTestExecutorService.java:35)
	at org.junit.platform.engine.support.hierarchical.HierarchicalTestExecutor.execute(HierarchicalTestExecutor.java:57)
	at org.junit.platform.engine.support.hierarchical.HierarchicalTestEngine.execute(HierarchicalTestEngine.java:54)
	at org.junit.platform.launcher.core.EngineExecutionOrchestrator.execute(EngineExecutionOrchestrator.java:147)
	at org.junit.platform.launcher.core.EngineExecutionOrchestrator.execute(EngineExecutionOrchestrator.java:127)
	at org.junit.platform.launcher.core.EngineExecutionOrchestrator.execute(EngineExecutionOrchestrator.java:90)
	at org.junit.platform.launcher.core.EngineExecutionOrchestrator.lambda$execute$0(EngineExecutionOrchestrator.java:55)
	at org.junit.platform.launcher.core.EngineExecutionOrchestrator.withInterceptedStreams(EngineExecutionOrchestrator.java:102)
	at org.junit.platform.launcher.core.EngineExecutionOrchestrator.execute(EngineExecutionOrchestrator.java:54)
	at org.junit.platform.launcher.core.DefaultLauncher.execute(DefaultLauncher.java:114)
	at org.junit.platform.launcher.core.DefaultLauncher.execute(DefaultLauncher.java:86)
	at org.junit.platform.launcher.core.DefaultLauncherSession$DelegatingLauncher.execute(DefaultLauncherSession.java:86)
	at org.apache.maven.surefire.junitplatform.LazyLauncher.execute(LazyLauncher.java:50)
	at org.apache.maven.surefire.junitplatform.JUnitPlatformProvider.execute(JUnitPlatformProvider.java:184)
	at org.apache.maven.surefire.junitplatform.JUnitPlatformProvider.invokeAllTests(JUnitPlatformProvider.java:148)
	at org.apache.maven.surefire.junitplatform.JUnitPlatformProvider.invoke(JUnitPlatformProvider.java:122)
	at org.apache.maven.surefire.booter.ForkedBooter.runSuitesInProcess(ForkedBooter.java:385)
	at org.apache.maven.surefire.booter.ForkedBooter.execute(ForkedBooter.java:162)
	at org.apache.maven.surefire.booter.ForkedBooter.run(ForkedBooter.java:507)
	at org.apache.maven.surefire.booter.ForkedBooter.main(ForkedBooter.java:495)
]]></failure>
    <system-out><![CDATA[16:32:07.211 [main] INFO  com.intuit.karate - Initializing extent report...
16:32:07.433 [main] INFO  com.intuit.karate - Extent report is created in C:\Users\os-tingting.liu\Documents\report\Extent_Report.html
16:32:07.588 [main] INFO  com.intuit.karate - karate.env system property was: null 
16:32:07.600 [main] INFO  com.intuit.karate - karate.api.proxy system property was: http://stg-proxy.travel.rakuten.co.jp:9050 
16:32:07.612 [main] INFO  com.intuit.karate - karate.ui.proxy system property was: null 
16:32:07.615 [main] INFO  com.intuit.karate - karate.ui.showBrowser system property was: null 
16:32:08.146 [main] INFO  com.intuit.karate - [print] http://stg-proxy.travel.rakuten.co.jp:9050 
16:32:09.306 [main] INFO  com.intuit.karate - [print] http://apihotel.travel.stg.jp.local/apihotel/hoteldata.do?f_no=31571&f_petFlg=1&f_refreshFlg=0&f_onsenFlg=1 
16:32:09.309 [main] INFO  com.intuit.karate - [print] 200 
16:32:09.312 [main] INFO  com.intuit.karate - [print] <OTA_HotelDescriptiveInfoRS xmlns="http://www.opentravel.org/OTA/2003/05" xmlns:xsi="http://www.w3.org/2001/XMLSchema-instance" PrimaryLangID="JP" TimeStamp="2024-06-21T16:32:08" Version="0.0" xsi:schemaLocation="http://www.opentravel.org/OTA/2003/05 ../xsd/OTA_HotelDescriptiveInfoRS.xsd ">
  <Success/>
  <HotelDescriptiveContents>
    <HotelDescriptiveContent>
      <HotelInfo domestic="HOTEL" eki="xxxxJR日豊本線日南駅よりバス10分、車5分_TEST UPDATE" hmtwntaxCert="0" hotelBikou="" hotelCategory="HOTEL" hotelDesc="[STG]　楽天トラベル1　18F、ビーチは目の前！海と山に囲まれた温泉リゾート。四季彩ダイニングや個室料亭で島の恵みを心ゆくまで。、xxxxJR日豊本線日南駅よりバス10分、車5分_TEST UPDATE、駐車場:ビーチは目の前！" hotelFax="03-9999-9999" hotelKana="らくてんとらべる１８かい" hotelMaxRoom="104" hotelName="[STG]　楽天トラベル1　18F" hotelNameImageFilePath="" hotelNo="31571" hotelParking="ビーチは目の前！" hotelStatus="公開中" hotelStatusCode="0" hotelTel="03-9999-9999" img="https://trvimg.r10s.jp/share/HOTEL/31571/31571.jpg" isPreferred="0" ken="東京都" logoFlg="0" petDelFlg="0" platinumFlg="" premiumFlg="" providerId="e1f62f18-484a-407f-ae23-8edc6efb13f0" rank="null" stateCd="0" tabimadoDelFlg="" teikei="44-4444-0213" tikuChu="tokyo" tikuDai="japan" tikuSai="A" tikuShou="tokyo" toukouDelFlg="1">
        <Descriptions>
          <DescriptiveText>[STG]　楽天トラベル1　18F&lt;br&gt;ビーチは目の前！海と山に囲まれた温泉リゾート。四季彩ダイニングや個室料亭で島の恵みを心ゆくまで。&lt;br&gt;xxxxJR日豊本線日南駅よりバス10分、車5分_TEST UPDATE&lt;br&gt;駐車場:ビーチは目の前！</DescriptiveText>
        </Descriptions>
        <HotelFeatures>
          <DescriptiveText>ビーチは目の前！海と山に囲まれた温泉リゾート。四季彩ダイニングや個室料亭で島の恵みを心ゆくまで。</DescriptiveText>
        </HotelFeatures>
        <Position latitude="128446.21" latitude2="35.6827279" longitude="503158.25" longitude2="139.7629717"/>
        <!-- グループ -->
        <Groups>
          <Group code="AC">アークホテルグループ</Group>
        </Groups>
        <!-- 館内設備  -->
        <Services>
          <Service id="143">
            <DescriptiveText>コンシェルジュサービス</DescriptiveText>
          </Service>
          <Facility id="101">
            <DescriptiveText>レストラン</DescriptiveText>
          </Facility>
          <Facility id="105">
            <DescriptiveText>ラウンジ</DescriptiveText>
          </Facility>
          <Facility id="126">
            <DescriptiveText>露天風呂</DescriptiveText>
          </Facility>
          <Other id="1">
            <DescriptiveText>1234</DescriptiveText>
          </Other>
          <Other id="2">
            <DescriptiveText>1234</DescriptiveText>
          </Other>
          <Other id="3">
            <DescriptiveText>1234</DescriptiveText>
          </Other>
        </Services>
        <!-- 特典  -->
        <Privileges>
          <Privilege id="">
            <DescriptiveText>test amenity other</DescriptiveText>
          </Privilege>
        </Privileges>
        <!-- 食事の場所  -->
        <MealPlaces>
          <Breakfast>
            <MealPlace id="01">
              <DescriptiveText>部屋</DescriptiveText>
            </MealPlace>
            <MealPlace id="02">
              <DescriptiveText>個室</DescriptiveText>
            </MealPlace>
          </Breakfast>
          <Dinner>
            <MealPlace id="10">
              <DescriptiveText>食事処</DescriptiveText>
            </MealPlace>
            <MealPlace id="11">
              <DescriptiveText>食堂</DescriptiveText>
            </MealPlace>
          </Dinner>
        </MealPlaces>
        <!-- カード  -->
        <Cards>
          <Card id="01">
            <DescriptiveText>VISA</DescriptiveText>
          </Card>
          <Card id="02">
            <DescriptiveText>JCB</DescriptiveText>
          </Card>
          <Card id="03">
            <DescriptiveText>American Express</DescriptiveText>
          </Card>
          <Other>
            <DescriptiveText>321</DescriptiveText>
          </Other>
        </Cards>
        <!-- 施設基本情報 追加情報  -->
        <BaseAddInfos/>
        <!-- その他設備 サービス 追加情報  -->
        <FacilitiesAndServicesAddInfo/>
        <HotelTypes>
          <HotelType id="15">
            <DescriptiveText>ラブホテル</DescriptiveText>
          </HotelType>
        </HotelTypes>
        <!-- 条件・注意事項  -->
        <AttentionDatas>
          <AttentionData id="1">
            <DescriptiveText>注意事項1（楽天）</DescriptiveText>
          </AttentionData>
          <AttentionData id="2">
            <DescriptiveText>注意事項2（楽天）</DescriptiveText>
          </AttentionData>
          <AttentionData id="3">
            <DescriptiveText>注意事項3（楽天）</DescriptiveText>
          </AttentionData>
          <AttentionData id="4">
            <DescriptiveText>注意事項4（楽天）</DescriptiveText>
          </AttentionData>
          <AttentionData id="5">
            <DescriptiveText>注意事項5（楽天）</DescriptiveText>
          </AttentionData>
          <AttentionData id="6">
            <DescriptiveText>注意事項6（楽天）</DescriptiveText>
          </AttentionData>
          <AttentionData id="7">
            <DescriptiveText>注意事項7（楽天）</DescriptiveText>
          </AttentionData>
          <AttentionData id="8">
            <DescriptiveText>注意事項8（楽天）</DescriptiveText>
          </AttentionData>
          <AttentionData id="9">
            <DescriptiveText>注意事項9（楽天）</DescriptiveText>
          </AttentionData>
          <AttentionData id="10">
            <DescriptiveText>注意事項10（楽天）</DescriptiveText>
          </AttentionData>
        </AttentionDatas>
        <!-- その他  -->
        <OtherDatas>
          <Other id="1">
            <DescriptiveText>PLSQL</DescriptiveText>
          </Other>
        </OtherDatas>
      </HotelInfo>
      <FacilityInfo>
        <!-- 部屋設備・備品 -->
        <GuestRooms>
          <GuestRoom>
            <Amenities>
              <Amenity id="100">
                <DescriptiveText>有料テレビ</DescriptiveText>
              </Amenity>
              <Amenity id="121">
                <DescriptiveText>インターネット接続(LAN形式)</DescriptiveText>
              </Amenity>
              <Amenity id="122">
                <DescriptiveText>インターネット接続(無線LAN形式)</DescriptiveText>
              </Amenity>
              <Amenity id="123">
                <DescriptiveText>インターネット接続(一部、LAN形式)</DescriptiveText>
              </Amenity>
              <Amenity id="124">
                <DescriptiveText>インターネット接続(一部、無線LAN形式)</DescriptiveText>
              </Amenity>
              <Amenity id="145">
                <DescriptiveText>ズボンプレッサー(貸出)</DescriptiveText>
              </Amenity>
              <Amenity id="252">
                <DescriptiveText>ベビーベッド</DescriptiveText>
              </Amenity>
            </Amenities>
          </GuestRoom>
        </GuestRooms>
        <!-- バリアフリー情報 -->
        <Barrier-frees>
          <Barrier-free id="01">
            <DescriptiveText>車椅子可</DescriptiveText>
          </Barrier-free>
          <Barrier-free id="04">
            <DescriptiveText>貸出用車椅子</DescriptiveText>
          </Barrier-free>
          <Barrier-free id="05">
            <DescriptiveText>バリアフリー用トイレ</DescriptiveText>
          </Barrier-free>
          <Barrier-free id="06">
            <DescriptiveText>バリアフリールーム</DescriptiveText>
          </Barrier-free>
        </Barrier-frees>
      </FacilityInfo>
      <Policies>
        <Policy>
          <CancelPolicy>
            <CancelPenalty>
              <Deadline offsetDropTime="" offsetTimeUnit=""/>
              <AmountPercent percent="100"/>
              <PenaltyDescription language="jp">
                <Text>連絡なしの不泊/不着 ：宿泊料金の１００％</Text>
              </PenaltyDescription>
            </CancelPenalty>
            <CancelPenalty>
              <Deadline offsetDropTime="" offsetTimeUnit=""/>
              <AmountPercent percent="50"/>
              <PenaltyDescription language="jp">
                <Text>当日　２時から　　　：宿泊料金の５０％　</Text>
              </PenaltyDescription>
            </CancelPenalty>
            <CancelPenalty>
              <Deadline offsetDropTime="" offsetTimeUnit=""/>
              <AmountPercent percent="20"/>
              <PenaltyDescription language="jp">
                <Text>前日　３時から　　　：宿泊料金の２０％　</Text>
              </PenaltyDescription>
            </CancelPenalty>
            <CancelPenalty>
              <Deadline offsetDropTime="" offsetTimeUnit=""/>
              <AmountPercent percent="0"/>
              <PenaltyDescription language="jp">
                <Text>２日前　４時から　　：宿泊料金の０％　　</Text>
              </PenaltyDescription>
            </CancelPenalty>
            <CancelPenalty>
              <Deadline offsetDropTime="" offsetTimeUnit=""/>
              <AmountPercent percent="20"/>
              <PenaltyDescription language="jp">
                <Text>３日前　５時から　　：宿泊料金の２０％　</Text>
              </PenaltyDescription>
            </CancelPenalty>
            <CancelPenalty>
              <Deadline offsetDropTime="" offsetTimeUnit=""/>
              <AmountPercent percent="20"/>
              <PenaltyDescription language="jp">
                <Text>４日前から　　　　　：宿泊料金の２０％　</Text>
              </PenaltyDescription>
            </CancelPenalty>
            <CancelPenalty>
              <Deadline offsetDropTime="" offsetTimeUnit=""/>
              <AmountPercent percent="20"/>
              <PenaltyDescription language="jp">
                <Text>５日前から　　　　　：宿泊料金の２０％　</Text>
              </PenaltyDescription>
            </CancelPenalty>
            <CancelPenalty>
              <Deadline offsetDropTime="" offsetTimeUnit=""/>
              <AmountPercent percent="20"/>
              <PenaltyDescription language="jp">
                <Text>６日前から　　　　　：宿泊料金の２０％　</Text>
              </PenaltyDescription>
            </CancelPenalty>
            <CancelPenalty>
              <Deadline offsetDropTime="" offsetTimeUnit=""/>
              <AmountPercent percent="20"/>
              <PenaltyDescription language="jp">
                <Text>７日前から　　　　　：宿泊料金の２０％　</Text>
              </PenaltyDescription>
            </CancelPenalty>
            <CancelPenalty>
              <Deadline offsetDropTime="" offsetTimeUnit=""/>
              <AmountPercent percent="10"/>
              <PenaltyDescription language="jp">
                <Text>１０日前から　　　　：宿泊料金の１０％　</Text>
              </PenaltyDescription>
            </CancelPenalty>
          </CancelPolicy>
          <PolicyInfo checkInLastTime="13:30" checkInTime="09:30" checkOutTime="09:00">
            <Description/>
          </PolicyInfo>
          <AttentionInfos>
            <AttentionInfo id="noshow">
              <DescriptiveText>※宿泊プランや日毎に、別途ポリシーが設定されている場合があります。&lt;br&gt;
プラン詳細ページ（空室カレンダー横等）と【予約手続画面（予約step）】にて不泊についてのポリシーをご確認ください。</DescriptiveText>
            </AttentionInfo>
            <AttentionInfo id="cancel">
              <DescriptiveText>※宿泊プランや日毎に、別途キャンセルポリシーが設定されている場合があります。&lt;br&gt;
プラン詳細ページ（空室カレンダー横等）と【予約手続画面（予約step）】にて必ずキャンセルポリシーをご確認ください。</DescriptiveText>
            </AttentionInfo>
          </AttentionInfos>
        </Policy>
      </Policies>
      <AreaInfo>
        <Attractions>
          <!-- 周辺のレジャー -->
          <Around code="leisure" id="100" orderNo="1">
            <DescriptiveText>海水浴</DescriptiveText>
          </Around>
          <Around code="leisure" id="102" orderNo="2">
            <DescriptiveText>海釣り</DescriptiveText>
          </Around>
          <Around code="leisure" id="123" orderNo="3">
            <DescriptiveText>ゴルフ</DescriptiveText>
          </Around>
          <Around code="leisure" id="171" orderNo="4">
            <DescriptiveText>水族館</DescriptiveText>
          </Around>
          <Around code="leisure" id="174" orderNo="5">
            <DescriptiveText>農業公園</DescriptiveText>
          </Around>
          <!-- 周辺の観光スポット -->
          <Around code="NearSpot" orderNo="1" uri="//kanko.travel.rakuten.co.jp/tokyo/spot/S13002317.html">
            <DescriptiveText>和田倉橋</DescriptiveText>
          </Around>
          <Around code="NearSpot" orderNo="2" uri="//kanko.travel.rakuten.co.jp/tokyo/spot/S13018174.html">
            <DescriptiveText>スカイバス TOKYO</DescriptiveText>
          </Around>
          <Around code="NearSpot" orderNo="3" uri="//kanko.travel.rakuten.co.jp/tokyo/spot/S13018743.html">
            <DescriptiveText>JAXAi</DescriptiveText>
          </Around>
          <Around code="NearSpot" orderNo="4" uri="//kanko.travel.rakuten.co.jp/tokyo/spot/S13016590.html">
            <DescriptiveText>丸の内仲通り</DescriptiveText>
          </Around>
          <Around code="NearSpot" orderNo="5" uri="//kanko.travel.rakuten.co.jp/tokyo/spot/S13002380.html">
            <DescriptiveText>旧東京中央郵便局</DescriptiveText>
          </Around>
          <Around code="NearSpot" orderNo="6" uri="//kanko.travel.rakuten.co.jp/tokyo/spot/S13017179.html">
            <DescriptiveText>丸の内 カフェ</DescriptiveText>
          </Around>
          <Around code="NearSpot" orderNo="7" uri="//kanko.travel.rakuten.co.jp/tokyo/spot/S13004778.html">
            <DescriptiveText>皇居外苑</DescriptiveText>
          </Around>
          <Around code="NearSpot" orderNo="8" uri="//kanko.travel.rakuten.co.jp/tokyo/spot/S13021433.html">
            <DescriptiveText>東京銘品館</DescriptiveText>
          </Around>
          <Around code="NearSpot" orderNo="9" uri="//kanko.travel.rakuten.co.jp/tokyo/spot/S13004777.html">
            <DescriptiveText>東京駅</DescriptiveText>
          </Around>
          <Around code="NearSpot" orderNo="10" uri="//kanko.travel.rakuten.co.jp/tokyo/spot/D13900001.html">
            <DescriptiveText>土佐藩上屋敷跡</DescriptiveText>
          </Around>
          <!-- 周辺の人気観光スポット -->
          <Around code="PopSpot" orderNo="1" uri="//kanko.travel.rakuten.co.jp/tokyo/spot/S13004777.html">
            <DescriptiveText>東京駅</DescriptiveText>
          </Around>
          <Around code="PopSpot" orderNo="2" uri="//kanko.travel.rakuten.co.jp/tokyo/spot/S13002296.html">
            <DescriptiveText>東京国際フォーラム</DescriptiveText>
          </Around>
          <Around code="PopSpot" orderNo="3" uri="//kanko.travel.rakuten.co.jp/tokyo/spot/S13020030.html">
            <DescriptiveText>キッザニア東京</DescriptiveText>
          </Around>
          <Around code="PopSpot" orderNo="4" uri="//kanko.travel.rakuten.co.jp/tokyo/spot/S13020380.html">
            <DescriptiveText>ユナイテッド・シネマ豊洲</DescriptiveText>
          </Around>
          <Around code="PopSpot" orderNo="5" uri="//kanko.travel.rakuten.co.jp/tokyo/spot/S13016590.html">
            <DescriptiveText>丸の内仲通り</DescriptiveText>
          </Around>
          <Around code="PopSpot" orderNo="6" uri="//kanko.travel.rakuten.co.jp/tokyo/spot/S13002261.html">
            <DescriptiveText>水天宮</DescriptiveText>
          </Around>
          <Around code="PopSpot" orderNo="7" uri="//kanko.travel.rakuten.co.jp/tokyo/spot/S13004778.html">
            <DescriptiveText>皇居外苑</DescriptiveText>
          </Around>
          <Around code="PopSpot" orderNo="8" uri="//kanko.travel.rakuten.co.jp/tokyo/spot/S13002300.html">
            <DescriptiveText>ソニービル</DescriptiveText>
          </Around>
          <Around code="PopSpot" orderNo="9" uri="//kanko.travel.rakuten.co.jp/tokyo/spot/S13011503.html">
            <DescriptiveText>皇居東御苑</DescriptiveText>
          </Around>
          <Around code="PopSpot" orderNo="10" uri="//kanko.travel.rakuten.co.jp/tokyo/spot/S13002290.html">
            <DescriptiveText>東京都現代美術館</DescriptiveText>
          </Around>
          <Around code="PopSpot" orderNo="11" uri="//kanko.travel.rakuten.co.jp/tokyo/spot/S13002594.html">
            <DescriptiveText>地下鉄博物館</DescriptiveText>
          </Around>
          <Around code="PopSpot" orderNo="12" uri="//kanko.travel.rakuten.co.jp/tokyo/spot/S13002519.html">
            <DescriptiveText>帝国劇場</DescriptiveText>
          </Around>
          <Around code="PopSpot" orderNo="13" uri="//kanko.travel.rakuten.co.jp/tokyo/spot/S13005746.html">
            <DescriptiveText>晴海客船ターミナル</DescriptiveText>
          </Around>
          <Around code="PopSpot" orderNo="14" uri="//kanko.travel.rakuten.co.jp/tokyo/spot/S13005736.html">
            <DescriptiveText>夢の島熱帯植物館</DescriptiveText>
          </Around>
          <Around code="PopSpot" orderNo="15" uri="//kanko.travel.rakuten.co.jp/tokyo/spot/S13002607.html">
            <DescriptiveText>相田みつを美術館</DescriptiveText>
          </Around>
          <Around code="PopSpot" orderNo="16" uri="//kanko.travel.rakuten.co.jp/tokyo/spot/S13005529.html">
            <DescriptiveText>東京国立近代美術館フィルムセンター</DescriptiveText>
          </Around>
          <Around code="PopSpot" orderNo="17" uri="//kanko.travel.rakuten.co.jp/tokyo/spot/S13004895.html">
            <DescriptiveText>東京宝塚劇場</DescriptiveText>
          </Around>
          <Around code="PopSpot" orderNo="18" uri="//kanko.travel.rakuten.co.jp/tokyo/spot/S13002364.html">
            <DescriptiveText>靖国神社</DescriptiveText>
          </Around>
          <Around code="PopSpot" orderNo="19" uri="//kanko.travel.rakuten.co.jp/tokyo/spot/S13002317.html">
            <DescriptiveText>和田倉橋</DescriptiveText>
          </Around>
          <Around code="PopSpot" orderNo="20" uri="//kanko.travel.rakuten.co.jp/tokyo/spot/S13005825.html">
            <DescriptiveText>富岡八幡宮</DescriptiveText>
          </Around>
          <Around code="PopSpot" orderNo="21" uri="//kanko.travel.rakuten.co.jp/tokyo/spot/S13019321.html">
            <DescriptiveText>東京駅一番街</DescriptiveText>
          </Around>
          <Around code="PopSpot" orderNo="22" uri="//kanko.travel.rakuten.co.jp/tokyo/spot/S13010574.html">
            <DescriptiveText>東劇</DescriptiveText>
          </Around>
          <Around code="PopSpot" orderNo="23" uri="//kanko.travel.rakuten.co.jp/tokyo/spot/S13005747.html">
            <DescriptiveText>新橋演舞場</DescriptiveText>
          </Around>
          <Around code="PopSpot" orderNo="24" uri="//kanko.travel.rakuten.co.jp/tokyo/spot/S13020342.html">
            <DescriptiveText>AKB48劇場</DescriptiveText>
          </Around>
          <Around code="PopSpot" orderNo="25" uri="//kanko.travel.rakuten.co.jp/tokyo/spot/S13019546.html">
            <DescriptiveText>最高裁判所</DescriptiveText>
          </Around>
          <Around code="PopSpot" orderNo="26" uri="//kanko.travel.rakuten.co.jp/tokyo/spot/S13010778.html">
            <DescriptiveText>東京国立近代美術館</DescriptiveText>
          </Around>
          <Around code="PopSpot" orderNo="27" uri="//kanko.travel.rakuten.co.jp/tokyo/spot/S13006064.html">
            <DescriptiveText>朝日新聞東京本社</DescriptiveText>
          </Around>
          <Around code="PopSpot" orderNo="28" uri="//kanko.travel.rakuten.co.jp/tokyo/spot/S13019472.html">
            <DescriptiveText>三井記念美術館</DescriptiveText>
          </Around>
          <Around code="PopSpot" orderNo="29" uri="//kanko.travel.rakuten.co.jp/tokyo/spot/S13006009.html">
            <DescriptiveText>蘭学事始地</DescriptiveText>
          </Around>
          <Around code="PopSpot" orderNo="30" uri="//kanko.travel.rakuten.co.jp/tokyo/spot/S13006010.html">
            <DescriptiveText>佃島渡船の碑</DescriptiveText>
          </Around>
          <Around code="PopSpot" orderNo="31" uri="//kanko.travel.rakuten.co.jp/tokyo/spot/S13010606.html">
            <DescriptiveText>いわて銀河プラザ</DescriptiveText>
          </Around>
          <Around code="PopSpot" orderNo="32" uri="//kanko.travel.rakuten.co.jp/tokyo/spot/S13018877.html">
            <DescriptiveText>靖国神社の桜</DescriptiveText>
          </Around>
          <Around code="PopSpot" orderNo="33" uri="//kanko.travel.rakuten.co.jp/tokyo/spot/S13018878.html">
            <DescriptiveText>外濠公園の桜</DescriptiveText>
          </Around>
          <Around code="PopSpot" orderNo="34" uri="//kanko.travel.rakuten.co.jp/tokyo/spot/S13018889.html">
            <DescriptiveText>仙台堀川公園の桜</DescriptiveText>
          </Around>
          <Around code="PopSpot" orderNo="35" uri="//kanko.travel.rakuten.co.jp/tokyo/spot/S13018890.html">
            <DescriptiveText>辰巳の森緑道公園の桜</DescriptiveText>
          </Around>
          <Around code="PopSpot" orderNo="36" uri="//kanko.travel.rakuten.co.jp/tokyo/spot/S13012083.html">
            <DescriptiveText>江東区立若洲公園キャンプ場</DescriptiveText>
          </Around>
          <Around code="PopSpot" orderNo="37" uri="//kanko.travel.rakuten.co.jp/tokyo/spot/S13016887.html">
            <DescriptiveText>浜離宮朝日ホール</DescriptiveText>
          </Around>
          <Around code="PopSpot" orderNo="38" uri="//kanko.travel.rakuten.co.jp/tokyo/spot/S13020771.html">
            <DescriptiveText>神保町花月</DescriptiveText>
          </Around>
          <Around code="PopSpot" orderNo="39" uri="//kanko.travel.rakuten.co.jp/tokyo/spot/S13020872.html">
            <DescriptiveText>メイド倶楽部</DescriptiveText>
          </Around>
          <Around code="PopSpot" orderNo="40" uri="//kanko.travel.rakuten.co.jp/tokyo/spot/S13020953.html">
            <DescriptiveText>東京都弘済会書籍部</DescriptiveText>
          </Around>
          <Around code="PopSpot" orderNo="41" uri="//kanko.travel.rakuten.co.jp/tokyo/spot/S13006128.html">
            <DescriptiveText>築地小劇場跡</DescriptiveText>
          </Around>
          <Around code="PopSpot" orderNo="42" uri="//kanko.travel.rakuten.co.jp/tokyo/spot/S13010003.html">
            <DescriptiveText>日本フライトセーフティ</DescriptiveText>
          </Around>
          <Around code="PopSpot" orderNo="43" uri="//kanko.travel.rakuten.co.jp/tokyo/spot/S13016981.html">
            <DescriptiveText>永代橋</DescriptiveText>
          </Around>
          <Around code="PopSpot" orderNo="44" uri="//kanko.travel.rakuten.co.jp/tokyo/spot/S13021418.html">
            <DescriptiveText>シネカノン有楽町2丁目</DescriptiveText>
          </Around>
          <Around code="PopSpot" orderNo="45" uri="//kanko.travel.rakuten.co.jp/tokyo/spot/S13016994.html">
            <DescriptiveText>松之大廊下跡</DescriptiveText>
          </Around>
          <Around code="PopSpot" orderNo="46" uri="//kanko.travel.rakuten.co.jp/tokyo/spot/S13019657.html">
            <DescriptiveText>東京アニメセンター</DescriptiveText>
          </Around>
          <Around code="PopSpot" orderNo="47" uri="//kanko.travel.rakuten.co.jp/tokyo/spot/S13018099.html">
            <DescriptiveText>東京大神宮</DescriptiveText>
          </Around>
          <Around code="PopSpot" orderNo="48" uri="//kanko.travel.rakuten.co.jp/tokyo/spot/S13010291.html">
            <DescriptiveText>心行寺</DescriptiveText>
          </Around>
          <Around code="PopSpot" orderNo="49" uri="//kanko.travel.rakuten.co.jp/tokyo/spot/S13010292.html">
            <DescriptiveText>円珠院</DescriptiveText>
          </Around>
          <Around code="PopSpot" orderNo="50" uri="//kanko.travel.rakuten.co.jp/tokyo/spot/S13021433.html">
            <DescriptiveText>東京銘品館</DescriptiveText>
          </Around>
          <Around code="PopSpot" orderNo="51" uri="//kanko.travel.rakuten.co.jp/tokyo/spot/S13021480.html">
            <DescriptiveText>IHIものづくり館 アイミューズ</DescriptiveText>
          </Around>
          <Around code="PopSpot" orderNo="52" uri="//kanko.travel.rakuten.co.jp/tokyo/spot/S13018174.html">
            <DescriptiveText>スカイバス TOKYO</DescriptiveText>
          </Around>
          <Around code="PopSpot" orderNo="53" uri="//kanko.travel.rakuten.co.jp/tokyo/spot/S13018229.html">
            <DescriptiveText>法務省 旧本館</DescriptiveText>
          </Around>
          <Around code="PopSpot" orderNo="54" uri="//kanko.travel.rakuten.co.jp/tokyo/spot/S13012102.html">
            <DescriptiveText>東京水辺ライン シーサイドコース</DescriptiveText>
          </Around>
          <Around code="PopSpot" orderNo="55" uri="//kanko.travel.rakuten.co.jp/tokyo/spot/S13020262.html">
            <DescriptiveText>ソニー ショールーム</DescriptiveText>
          </Around>
          <Around code="PopSpot" orderNo="56" uri="//kanko.travel.rakuten.co.jp/tokyo/spot/S13005745.html">
            <DescriptiveText>銀座テアトルシネマ</DescriptiveText>
          </Around>
          <Around code="PopSpot" orderNo="57" uri="//kanko.travel.rakuten.co.jp/tokyo/spot/S13005757.html">
            <DescriptiveText>銀座シネパトス</DescriptiveText>
          </Around>
          <Around code="PopSpot" orderNo="58" uri="//kanko.travel.rakuten.co.jp/tokyo/spot/S13005772.html">
            <DescriptiveText>TEPCO銀座館</DescriptiveText>
          </Around>
          <Around code="PopSpot" orderNo="59" uri="//kanko.travel.rakuten.co.jp/tokyo/spot/S13005780.html">
            <DescriptiveText>TOHOシネマズシャンテ</DescriptiveText>
          </Around>
          <Around code="PopSpot" orderNo="60" uri="//kanko.travel.rakuten.co.jp/tokyo/spot/S13005994.html">
            <DescriptiveText>柳森神社</DescriptiveText>
          </Around>
          <Around code="PopSpot" orderNo="61" uri="//kanko.travel.rakuten.co.jp/tokyo/spot/S13005996.html">
            <DescriptiveText>明神男坂</DescriptiveText>
          </Around>
          <Around code="PopSpot" orderNo="62" uri="//kanko.travel.rakuten.co.jp/tokyo/spot/S13006004.html">
            <DescriptiveText>谷崎潤一郎生誕の地</DescriptiveText>
          </Around>
          <Around code="PopSpot" orderNo="63" uri="//kanko.travel.rakuten.co.jp/tokyo/spot/S13006005.html">
            <DescriptiveText>住吉神社</DescriptiveText>
          </Around>
          <Around code="PopSpot" orderNo="64" uri="//kanko.travel.rakuten.co.jp/tokyo/spot/S13006007.html">
            <DescriptiveText>築地居留地跡</DescriptiveText>
          </Around>
          <Around code="PopSpot" orderNo="65" uri="//kanko.travel.rakuten.co.jp/tokyo/spot/S13018230.html">
            <DescriptiveText>北海道どさんこプラザ</DescriptiveText>
          </Around>
          <Around code="PopSpot" orderNo="66" uri="//kanko.travel.rakuten.co.jp/tokyo/spot/S13006008.html">
            <DescriptiveText>浅野内匠頭邸跡</DescriptiveText>
          </Around>
          <Around code="PopSpot" orderNo="67" uri="//kanko.travel.rakuten.co.jp/tokyo/spot/S13010538.html">
            <DescriptiveText>泰明小学校</DescriptiveText>
          </Around>
          <Around code="PopSpot" orderNo="68" uri="//kanko.travel.rakuten.co.jp/tokyo/spot/S13010569.html">
            <DescriptiveText>博品館劇場</DescriptiveText>
          </Around>
          <Around code="PopSpot" orderNo="69" uri="//kanko.travel.rakuten.co.jp/tokyo/spot/S13010572.html">
            <DescriptiveText>丸の内TOEI2</DescriptiveText>
          </Around>
          <Around code="PopSpot" orderNo="70" uri="//kanko.travel.rakuten.co.jp/tokyo/spot/S13010573.html">
            <DescriptiveText>丸の内TOEI1</DescriptiveText>
          </Around>
          <Around code="PopSpot" orderNo="71" uri="//kanko.travel.rakuten.co.jp/tokyo/spot/S13010575.html">
            <DescriptiveText>TOHOシネマズ 日劇</DescriptiveText>
          </Around>
          <Around code="PopSpot" orderNo="72" uri="//kanko.travel.rakuten.co.jp/tokyo/spot/S13018743.html">
            <DescriptiveText>JAXAi</DescriptiveText>
          </Around>
          <Around code="PopSpot" orderNo="73" uri="//kanko.travel.rakuten.co.jp/tokyo/spot/S13018832.html">
            <DescriptiveText>浜離宮恩賜庭園</DescriptiveText>
          </Around>
          <Around code="PopSpot" orderNo="74" uri="//kanko.travel.rakuten.co.jp/tokyo/spot/S13019173.html">
            <DescriptiveText>かちどき 橋の資料館</DescriptiveText>
          </Around>
          <Around code="PopSpot" orderNo="75" uri="//kanko.travel.rakuten.co.jp/tokyo/spot/S13019329.html">
            <DescriptiveText>秋葉原クロスフィールド</DescriptiveText>
          </Around>
          <Around code="PopSpot" orderNo="76" uri="//kanko.travel.rakuten.co.jp/tokyo/spot/S13010576.html">
            <DescriptiveText>丸の内ピカデリー1・2</DescriptiveText>
          </Around>
          <Around code="PopSpot" orderNo="77" uri="//kanko.travel.rakuten.co.jp/tokyo/spot/S13010577.html">
            <DescriptiveText>丸の内ルーブル</DescriptiveText>
          </Around>
          <Around code="PopSpot" orderNo="78" uri="//kanko.travel.rakuten.co.jp/tokyo/spot/S13010578.html">
            <DescriptiveText>丸の内ピカデリー3</DescriptiveText>
          </Around>
          <Around code="PopSpot" orderNo="79" uri="//kanko.travel.rakuten.co.jp/tokyo/spot/S13010579.html">
            <DescriptiveText>TOHOシネマズ 有楽座</DescriptiveText>
          </Around>
          <Around code="PopSpot" orderNo="80" uri="//kanko.travel.rakuten.co.jp/tokyo/spot/S13010580.html">
            <DescriptiveText>有楽町スバル座</DescriptiveText>
          </Around>
          <Around code="PopSpot" orderNo="81" uri="//kanko.travel.rakuten.co.jp/tokyo/spot/S13010581.html">
            <DescriptiveText>TOHOシネマズ スカラ座</DescriptiveText>
          </Around>
          <Around code="PopSpot" orderNo="82" uri="//kanko.travel.rakuten.co.jp/tokyo/spot/S13005802.html">
            <DescriptiveText>江東区深川江戸資料館</DescriptiveText>
          </Around>
          <Around code="PopSpot" orderNo="83" uri="//kanko.travel.rakuten.co.jp/tokyo/spot/S13016627.html">
            <DescriptiveText>もんじゃ屋形船</DescriptiveText>
          </Around>
          <Around code="PopSpot" orderNo="84" uri="//kanko.travel.rakuten.co.jp/tokyo/spot/S13005816.html">
            <DescriptiveText>霊巌寺</DescriptiveText>
          </Around>
          <Around code="PopSpot" orderNo="85" uri="//kanko.travel.rakuten.co.jp/tokyo/spot/S13005822.html">
            <DescriptiveText>清澄庭園</DescriptiveText>
          </Around>
          <Around code="PopSpot" orderNo="86" uri="//kanko.travel.rakuten.co.jp/tokyo/spot/S13005829.html">
            <DescriptiveText>明治座</DescriptiveText>
          </Around>
          <Around code="PopSpot" orderNo="87" uri="//kanko.travel.rakuten.co.jp/tokyo/spot/S13005830.html">
            <DescriptiveText>ジュサブロー館</DescriptiveText>
          </Around>
          <Around code="PopSpot" orderNo="88" uri="//kanko.travel.rakuten.co.jp/tokyo/spot/S13002327.html">
            <DescriptiveText>東京証券取引所</DescriptiveText>
          </Around>
          <Around code="PopSpot" orderNo="89" uri="//kanko.travel.rakuten.co.jp/tokyo/spot/S13002380.html">
            <DescriptiveText>旧東京中央郵便局</DescriptiveText>
          </Around>
          <Around code="PopSpot" orderNo="90" uri="//kanko.travel.rakuten.co.jp/tokyo/spot/S13002381.html">
            <DescriptiveText>岩波ホール</DescriptiveText>
          </Around>
          <Around code="PopSpot" orderNo="91" uri="//kanko.travel.rakuten.co.jp/tokyo/spot/S13002593.html">
            <DescriptiveText>逓信総合博物館（ていぱーく）</DescriptiveText>
          </Around>
          <Around code="PopSpot" orderNo="92" uri="//kanko.travel.rakuten.co.jp/tokyo/spot/S13002809.html">
            <DescriptiveText>浜離宮恩賜庭園</DescriptiveText>
          </Around>
          <Around code="PopSpot" orderNo="93" uri="//kanko.travel.rakuten.co.jp/tokyo/spot/S13004025.html">
            <DescriptiveText>聖路加タワー展望室</DescriptiveText>
          </Around>
          <Around code="PopSpot" orderNo="94" uri="//kanko.travel.rakuten.co.jp/tokyo/spot/S13004035.html">
            <DescriptiveText>ボタンの博物館</DescriptiveText>
          </Around>
          <Around code="PopSpot" orderNo="95" uri="//kanko.travel.rakuten.co.jp/tokyo/spot/S13004063.html">
            <DescriptiveText>明治大学博物館</DescriptiveText>
          </Around>
          <Around code="PopSpot" orderNo="96" uri="//kanko.travel.rakuten.co.jp/tokyo/spot/S13002613.html">
            <DescriptiveText>出光美術館</DescriptiveText>
          </Around>
          <Around code="PopSpot" orderNo="97" uri="//kanko.travel.rakuten.co.jp/tokyo/spot/S13002926.html">
            <DescriptiveText>日枝神社</DescriptiveText>
          </Around>
          <Around code="PopSpot" orderNo="98" uri="//kanko.travel.rakuten.co.jp/tokyo/spot/S13002945.html">
            <DescriptiveText>国会議事堂（参議院）</DescriptiveText>
          </Around>
          <Around code="PopSpot" orderNo="99" uri="//kanko.travel.rakuten.co.jp/tokyo/spot/S13002433.html">
            <DescriptiveText>ニューオータニ美術館</DescriptiveText>
          </Around>
          <Around code="PopSpot" orderNo="100" uri="//kanko.travel.rakuten.co.jp/tokyo/spot/S13002435.html">
            <DescriptiveText>国立劇場</DescriptiveText>
          </Around>
          <Around code="PopSpot" orderNo="101" uri="//kanko.travel.rakuten.co.jp/tokyo/spot/S13002436.html">
            <DescriptiveText>江戸川区自然動物園</DescriptiveText>
          </Around>
          <Around code="PopSpot" orderNo="102" uri="//kanko.travel.rakuten.co.jp/tokyo/spot/S13002295.html">
            <DescriptiveText>日本銀行金融研究所 貨幣博物館</DescriptiveText>
          </Around>
          <Around code="PopSpot" orderNo="103" uri="//kanko.travel.rakuten.co.jp/tokyo/spot/S13002297.html">
            <DescriptiveText>本願寺築地別院（築地本願寺）</DescriptiveText>
          </Around>
          <Around code="PopSpot" orderNo="104" uri="//kanko.travel.rakuten.co.jp/tokyo/spot/S13002490.html">
            <DescriptiveText>よみうりホール</DescriptiveText>
          </Around>
          <Around code="PopSpot" orderNo="105" uri="//kanko.travel.rakuten.co.jp/tokyo/spot/S13002492.html">
            <DescriptiveText>日比谷公園野外大音楽堂</DescriptiveText>
          </Around>
          <Around code="PopSpot" orderNo="106" uri="//kanko.travel.rakuten.co.jp/tokyo/spot/S13002494.html">
            <DescriptiveText>日本武道館</DescriptiveText>
          </Around>
          <Around code="PopSpot" orderNo="107" uri="//kanko.travel.rakuten.co.jp/tokyo/spot/S13002496.html">
            <DescriptiveText>日生劇場</DescriptiveText>
          </Around>
          <Around code="PopSpot" orderNo="108" uri="//kanko.travel.rakuten.co.jp/tokyo/spot/S13017761.html">
            <DescriptiveText>銀行発祥の地</DescriptiveText>
          </Around>
          <Around code="PopSpot" orderNo="109" uri="//kanko.travel.rakuten.co.jp/tokyo/spot/S13017765.html">
            <DescriptiveText>菩提樹</DescriptiveText>
          </Around>
          <Around code="PopSpot" orderNo="110" uri="//kanko.travel.rakuten.co.jp/tokyo/spot/S13017766.html">
            <DescriptiveText>波除稲荷神社</DescriptiveText>
          </Around>
          <Around code="PopSpot" orderNo="111" uri="//kanko.travel.rakuten.co.jp/tokyo/spot/S13017767.html">
            <DescriptiveText>かちどきの渡し跡</DescriptiveText>
          </Around>
          <Around code="PopSpot" orderNo="112" uri="//kanko.travel.rakuten.co.jp/tokyo/spot/S13017768.html">
            <DescriptiveText>石川島灯台（人足寄場跡）</DescriptiveText>
          </Around>
          <Around code="PopSpot" orderNo="113" uri="//kanko.travel.rakuten.co.jp/tokyo/spot/S13017776.html">
            <DescriptiveText>山本海苔店</DescriptiveText>
          </Around>
          <Around code="PopSpot" orderNo="114" uri="//kanko.travel.rakuten.co.jp/tokyo/spot/S13005514.html">
            <DescriptiveText>お江戸日本橋亭</DescriptiveText>
          </Around>
          <Around code="PopSpot" orderNo="115" uri="//kanko.travel.rakuten.co.jp/tokyo/spot/S13005516.html">
            <DescriptiveText>神田神社</DescriptiveText>
          </Around>
          <Around code="PopSpot" orderNo="116" uri="//kanko.travel.rakuten.co.jp/tokyo/spot/S13017179.html">
            <DescriptiveText>丸の内 カフェ</DescriptiveText>
          </Around>
          <Around code="PopSpot" orderNo="117" uri="//kanko.travel.rakuten.co.jp/tokyo/spot/S13017211.html">
            <DescriptiveText>HOUSE OF SHISEIDO</DescriptiveText>
          </Around>
          <Around code="PopSpot" orderNo="118" uri="//kanko.travel.rakuten.co.jp/tokyo/spot/S13021875.html">
            <DescriptiveText>集英社ミュージアム</DescriptiveText>
          </Around>
          <Around code="PopSpot" orderNo="119" uri="//kanko.travel.rakuten.co.jp/tokyo/spot/D13900001.html">
            <DescriptiveText>土佐藩上屋敷跡</DescriptiveText>
          </Around>
          <Around code="PopSpot" orderNo="120" uri="//kanko.travel.rakuten.co.jp/tokyo/spot/D13900002.html">
            <DescriptiveText>土佐藩中屋敷跡</DescriptiveText>
          </Around>
          <Around code="PopSpot" orderNo="121" uri="//kanko.travel.rakuten.co.jp/tokyo/spot/D13900003.html">
            <DescriptiveText>千葉定吉道場跡（１）</DescriptiveText>
          </Around>
          <Around code="PopSpot" orderNo="122" uri="//kanko.travel.rakuten.co.jp/tokyo/spot/D13900004.html">
            <DescriptiveText>千葉定吉道場跡（２）</DescriptiveText>
          </Around>
          <Around code="PopSpot" orderNo="123" uri="//kanko.travel.rakuten.co.jp/tokyo/spot/D13900005.html">
            <DescriptiveText>玄武館跡</DescriptiveText>
          </Around>
          <Around code="PopSpot" orderNo="124" uri="//kanko.travel.rakuten.co.jp/tokyo/spot/D13900006.html">
            <DescriptiveText>桃井道場（志学館）跡</DescriptiveText>
          </Around>
          <Around code="PopSpot" orderNo="125" uri="//kanko.travel.rakuten.co.jp/tokyo/spot/D13900007.html">
            <DescriptiveText>佐久間象山邸跡</DescriptiveText>
          </Around>
          <Around code="PopSpot" orderNo="126" uri="//kanko.travel.rakuten.co.jp/tokyo/spot/D13900008.html">
            <DescriptiveText>越前福井藩邸跡</DescriptiveText>
          </Around>
          <Around code="PopSpot" orderNo="127" uri="//kanko.travel.rakuten.co.jp/tokyo/spot/D13900010.html">
            <DescriptiveText>幕府軍艦操練所跡</DescriptiveText>
          </Around>
          <Around code="PopSpot" orderNo="128" uri="//kanko.travel.rakuten.co.jp/tokyo/spot/S13024171.html">
            <DescriptiveText>法乗院</DescriptiveText>
          </Around>
          <Around code="PopSpot" orderNo="129" uri="//kanko.travel.rakuten.co.jp/tokyo/spot/S13024180.html">
            <DescriptiveText>ＳＮＡＣ</DescriptiveText>
          </Around>
          <Around code="PopSpot" orderNo="130" uri="//kanko.travel.rakuten.co.jp/tokyo/spot/S13025850.html">
            <DescriptiveText>アウトドア　スポーツクラブ　ＺＡＣ</DescriptiveText>
          </Around>
          <Around code="PopSpot" orderNo="131" uri="//kanko.travel.rakuten.co.jp/tokyo/spot/S13023857.html">
            <DescriptiveText>深川図書館</DescriptiveText>
          </Around>
          <Around code="PopSpot" orderNo="132" uri="//kanko.travel.rakuten.co.jp/tokyo/spot/S13016616.html">
            <DescriptiveText>瀬川丸</DescriptiveText>
          </Around>
          <Around code="PopSpot" orderNo="133" uri="//kanko.travel.rakuten.co.jp/tokyo/spot/S13010293.html">
            <DescriptiveText>龍光院</DescriptiveText>
          </Around>
          <Around code="PopSpot" orderNo="134" uri="//kanko.travel.rakuten.co.jp/tokyo/spot/S13010294.html">
            <DescriptiveText>深川稲荷神社　深川七福神　布袋尊</DescriptiveText>
          </Around>
          <Around code="PopSpot" orderNo="135" uri="//kanko.travel.rakuten.co.jp/tokyo/spot/S13005823.html">
            <DescriptiveText>成田山深川不動堂</DescriptiveText>
          </Around>
          <Around code="PopSpot" orderNo="136" uri="//kanko.travel.rakuten.co.jp/tokyo/spot/S13021727.html">
            <DescriptiveText>葛西海浜公園東なぎさ・西なぎさ</DescriptiveText>
          </Around>
          <Around code="PopSpot" orderNo="137" uri="//kanko.travel.rakuten.co.jp/tokyo/spot/S13022227.html">
            <DescriptiveText>深川東京モダン館</DescriptiveText>
          </Around>
          <Around code="PopSpot" orderNo="138" uri="//kanko.travel.rakuten.co.jp/tokyo/spot/S13024120.html">
            <DescriptiveText>辰巳パーキングエリア（第一）</DescriptiveText>
          </Around>
          <Around code="PopSpot" orderNo="139" uri="//kanko.travel.rakuten.co.jp/tokyo/spot/S13024121.html">
            <DescriptiveText>辰巳パーキングエリア（第二）</DescriptiveText>
          </Around>
          <Around code="PopSpot" orderNo="140" uri="//kanko.travel.rakuten.co.jp/tokyo/spot/S13002656.html">
            <DescriptiveText>東京都葛西臨海水族園</DescriptiveText>
          </Around>
          <!-- 周辺のスキー場 -->
        </Attractions>
      </AreaInfo>
      <MultimediaDescriptions>
        <MultimediaDescription>
          <ImageItems>
            <ImageItem category="" categoryName="" categoryType="DETAIL1" itemNo="0" videoId="">
              <ImageFormat description="" fileName="">
                <URL>https://trvimg.r10s.jp/share/HOTEL/31571/31571.jpg</URL>
              </ImageFormat>
            </ImageItem>
            <ImageItem category="" categoryName="施設内写真2" categoryType="DETAIL2" itemNo="0" videoId="">
              <ImageFormat description="" fileName="1234.jpg">
                <URL>https://trvimg.r10s.jp/share/HOTEL/31571/1234.jpg</URL>
              </ImageFormat>
            </ImageItem>
            <ImageItem category="00000001" categoryName="" categoryType="hotelinfo" itemNo="1" videoId="1200039259">
              <ImageFormat description="test" fileName="Video Platformテスト用">
                <URL>//api.cms.rakuten.co.jp/proxy/image/?movie_id=1200039259&amp;type=0</URL>
              </ImageFormat>
            </ImageItem>
            <ImageItem category="00000000" categoryName="" categoryType="hotelinfo" itemNo="2" videoId="">
              <ImageFormat description="あ" fileName="あ">
                <URL>https://trvimg.r10s.jp/share/image_up/31571/origin/081364c1f3a865ad6a1393e767e337fa0e3254ea.82.1.26.2.jpg</URL>
              </ImageFormat>
            </ImageItem>
            <ImageItem category="00000000" categoryName="" categoryType="hotelinfo" itemNo="3" videoId="">
              <ImageFormat description="" fileName="">
                <URL>https://trvimg.r10s.jp/share/image_up/31571/origin/9a0ff1303eaff8b4a06f899bb69abf4102a61632.82.1.26.2.jpeg</URL>
              </ImageFormat>
            </ImageItem>
            <ImageItem category="00000000" categoryName="" categoryType="hotelinfo" itemNo="4" videoId="">
              <ImageFormat description="" fileName="">
                <URL>https://trvimg.r10s.jp/share/image_up/31571/origin/914a45dbaf3064a3da646d9daf563740bef88661.82.1.26.2.jpeg</URL>
              </ImageFormat>
            </ImageItem>
            <ImageItem category="00000001" categoryName="" categoryType="hotelinfo" itemNo="5" videoId="">
              <ImageFormat description="" fileName="devproxy-abolish テスト">
                <URL>https://trvimg.r10s.jp/share/image_up/31571/origin/2017c00700a225b058678bdaa85d626bedf9d2d1.82.1.26.2.jpg</URL>
              </ImageFormat>
            </ImageItem>
            <ImageItem category="00000002" categoryName="" categoryType="hotelinfo" itemNo="6" videoId="1200007583">
              <ImageFormat description="onsen" fileName="onsen">
                <URL>//api.cms.rakuten.co.jp/proxy/image/?movie_id=1200007583&amp;type=0</URL>
              </ImageFormat>
            </ImageItem>
            <ImageItem category="00000001" categoryName="" categoryType="hotelinfo" itemNo="7" videoId="1200034875">
              <ImageFormat description="" fileName="Legacy Travel Upload">
                <URL>//api.cms.rakuten.co.jp/proxy/image/?movie_id=1200034875&amp;type=0</URL>
              </ImageFormat>
            </ImageItem>
            <ImageItem category="00000001" categoryName="" categoryType="hotelinfo" itemNo="8" videoId="1200038547">
              <ImageFormat description="トラベル新・Video新の状態でアップロードし、トラベル管理画面で再生できるかを確認する。20210115132220" fileName="SOK 20210108 test for Dynamic Delivery202101151322">
                <URL>//api.cms.rakuten.co.jp/proxy/image/?movie_id=1200038547&amp;type=0</URL>
              </ImageFormat>
            </ImageItem>
            <ImageItem category="00000001" categoryName="" categoryType="hotelinfo" itemNo="9" videoId="1200038445">
              <ImageFormat description="施設紹介" fileName="施設紹介">
                <URL>//api.cms.rakuten.co.jp/proxy/image/?movie_id=1200038445&amp;type=0</URL>
              </ImageFormat>
            </ImageItem>
            <ImageItem category="00000001" categoryName="" categoryType="hotelinfo" itemNo="10" videoId="1200036362">
              <ImageFormat description="テスト" fileName="テスト">
                <URL>//api.cms.rakuten.co.jp/proxy/image/?movie_id=1200036362&amp;type=0</URL>
              </ImageFormat>
            </ImageItem>
            <ImageItem category="00000001" categoryName="" categoryType="hotelinfo" itemNo="11" videoId="1200038404">
              <ImageFormat description="サンプル動画" fileName="飛行機">
                <URL>//api.cms.rakuten.co.jp/proxy/image/?movie_id=1200038404&amp;type=0</URL>
              </ImageFormat>
            </ImageItem>
            <ImageItem category="00000004" categoryName="" categoryType="hotelinfo" itemNo="12" videoId="1200004365">
              <ImageFormat description="" fileName="2/1IE11movie1">
                <URL>//api.cms.rakuten.co.jp/proxy/image/?movie_id=1200004365&amp;type=0</URL>
              </ImageFormat>
            </ImageItem>
            <ImageItem category="00000001" categoryName="" categoryType="hotelinfo" itemNo="13" videoId="1200038515">
              <ImageFormat description="トラベル旧・Video新の状態でアップロードし、トラベル管理画面で再生できるかを確認する。" fileName="SOK 20201229 test for Dynamic Delivery">
                <URL>//api.cms.rakuten.co.jp/proxy/image/?movie_id=1200038515&amp;type=0</URL>
              </ImageFormat>
            </ImageItem>
            <ImageItem category="00000001" categoryName="" categoryType="hotelinfo" itemNo="14" videoId="">
              <ImageFormat description="テスト" fileName="テスト画像1">
                <URL>https://trvimg.r10s.jp/share/image_up/31571/origin/70b09cc75050fe6e0604bc64c8f49c5042426d96.82.9.26.3.jpeg</URL>
              </ImageFormat>
            </ImageItem>
            <ImageItem category="00000001" categoryName="" categoryType="hotelinfo" itemNo="15" videoId="1200043160">
              <ImageFormat description="test" fileName="Test_Video_PD_1">
                <URL>//api.cms.rakuten.co.jp/proxy/image/?movie_id=1200043160&amp;type=0</URL>
              </ImageFormat>
            </ImageItem>
            <ImageItem category="00000000" categoryName="" categoryType="hotelinfo" itemNo="16" videoId="1200043369">
              <ImageFormat description="" fileName="">
                <URL>//api.cms.rakuten.co.jp/proxy/image/?movie_id=1200043369&amp;type=0</URL>
              </ImageFormat>
            </ImageItem>
            <ImageItem category="00000001" categoryName="部屋" categoryType="image_up" itemNo="1" videoId="1200038407">
              <ImageFormat description="" fileName="1202SAT">
                <URL>//api.cms.rakuten.co.jp/proxy/image/?movie_id=1200038407&amp;type=0</URL>
              </ImageFormat>
            </ImageItem>
            <ImageItem category="00000001" categoryName="部屋" categoryType="image_up" itemNo="2" videoId="">
              <ImageFormat description="目指せフォトギャラリー400枚" fileName="目指せフォトギャラリー400枚">
                <URL>https://trvimg.r10s.jp/share/image_up/31571/origin/984cde9c0275ec7ea1322723392a6f24776d91a1.82.1.26.2.jpg</URL>
              </ImageFormat>
            </ImageItem>
            <ImageItem category="00000001" categoryName="部屋" categoryType="image_up" itemNo="3" videoId="">
              <ImageFormat description="test" fileName="testtest">
                <URL>https://trvimg.r10s.jp/share/image_up/31571/origin/60b4ef409fa97e433fb89e658b552ab9d89b1dbc.82.1.26.2.jpg</URL>
              </ImageFormat>
            </ImageItem>
            <ImageItem category="00000001" categoryName="部屋" categoryType="image_up" itemNo="4" videoId="">
              <ImageFormat description="当たらない扉です" fileName="名前も知らない扉です">
                <URL>https://trvimg.r10s.jp/share/image_up/31571/origin/2c0570582db40498116107317f56cdf5679cffde.82.1.26.2.jpg</URL>
              </ImageFormat>
            </ImageItem>
            <ImageItem category="00000001" categoryName="部屋" categoryType="image_up" itemNo="5" videoId="">
              <ImageFormat description="kumapanda" fileName="Kuma_panda">
                <URL>https://trvimg.r10s.jp/share/image_up/31571/origin/6632e947edd6bc614aae2cf258cd3872926052fe.82.9.26.3.jpeg</URL>
              </ImageFormat>
            </ImageItem>
            <ImageItem category="00000001" categoryName="部屋" categoryType="image_up" itemNo="6" videoId="">
              <ImageFormat description="Panda_shiratori" fileName="Panda_shiratori">
                <URL>https://trvimg.r10s.jp/share/image_up/31571/origin/3a0b87c67387a229da111ebaa00c4c6c8ebf0d36.82.9.26.3.jpeg</URL>
              </ImageFormat>
            </ImageItem>
            <ImageItem category="00000001" categoryName="部屋" categoryType="image_up" itemNo="7" videoId="">
              <ImageFormat description="42423srfserfsfsfsf##" fileName="safafafafa4244##">
                <URL>https://trvimg.r10s.jp/share/image_up/31571/origin/e03ea1ba48519242b924ba23fdd67283dbccb317.82.9.26.3.jpg</URL>
              </ImageFormat>
            </ImageItem>
            <ImageItem category="00000001" categoryName="部屋" categoryType="image_up" itemNo="8" videoId="">
              <ImageFormat description="" fileName="">
                <URL>https://trvimg.r10s.jp/share/image_up/31571/origin/2db9e407b5d38a0d39f9bc70aa32ddaae1b85288.82.9.26.3.jpg</URL>
              </ImageFormat>
            </ImageItem>
            <ImageItem category="00000001" categoryName="部屋" categoryType="image_up" itemNo="9" videoId="">
              <ImageFormat description="42423srfserfsfsfsf##" fileName="safafafafa4244##">
                <URL>https://trvimg.r10s.jp/share/image_up/31571/origin/49662228c262c414122ff2f79b589aea9f80dfd1.82.9.26.3.jpg</URL>
              </ImageFormat>
            </ImageItem>
            <ImageItem category="00000001" categoryName="部屋" categoryType="image_up" itemNo="10" videoId="">
              <ImageFormat description="42423srfserfsfsfsf##" fileName="safafafafa4244##">
                <URL>https://trvimg.r10s.jp/share/image_up/31571/origin/2472a0f3ccbec5ab9ba0252da91942390954eb10.82.9.26.3.jpg</URL>
              </ImageFormat>
            </ImageItem>
            <ImageItem category="00000001" categoryName="部屋" categoryType="image_up" itemNo="11" videoId="1200043149">
              <ImageFormat description="" fileName="test0810">
                <URL>//api.cms.rakuten.co.jp/proxy/image/?movie_id=1200043149&amp;type=0</URL>
              </ImageFormat>
            </ImageItem>
            <ImageItem category="00000001" categoryName="部屋" categoryType="image_up" itemNo="12" videoId="">
              <ImageFormat description="テスト" fileName="テスト画像1">
                <URL>https://trvimg.r10s.jp/share/image_up/31571/origin/70b09cc75050fe6e0604bc64c8f49c5042426d96.82.9.26.3.jpeg</URL>
              </ImageFormat>
            </ImageItem>
            <ImageItem category="00000001" categoryName="部屋" categoryType="image_up" itemNo="13" videoId="1200038547">
              <ImageFormat description="トラベル新・Video新の状態でアップロードし、トラベル管理画面で再生できるかを確認する。20210115132220" fileName="SOK 20210108 test for Dynamic Delivery202101151322">
                <URL>//api.cms.rakuten.co.jp/proxy/image/?movie_id=1200038547&amp;type=0</URL>
              </ImageFormat>
            </ImageItem>
            <ImageItem category="00000001" categoryName="部屋" categoryType="image_up" itemNo="14" videoId="">
              <ImageFormat description="" fileName="SAT-test">
                <URL>https://trvimg.r10s.jp/share/image_up/31571/origin/37d353b31b7771f8f5edb56a4110045ef0faf09b.82.9.26.3.jpg</URL>
              </ImageFormat>
            </ImageItem>
            <ImageItem category="00000001" categoryName="部屋" categoryType="image_up" itemNo="15" videoId="1200042733">
              <ImageFormat description="テスト動画A" fileName="testvideo20221220">
                <URL>//api.cms.rakuten.co.jp/proxy/image/?movie_id=1200042733&amp;type=0</URL>
              </ImageFormat>
            </ImageItem>
            <ImageItem category="00000001" categoryName="部屋" categoryType="image_up" itemNo="16" videoId="">
              <ImageFormat description="LCM焼肉" fileName="LCM焼肉">
                <URL>https://trvimg.r10s.jp/share/image_up/31571/origin/ea6901cc796ec811afadb6af6606bc5cf9916357.82.9.26.3.jpg</URL>
              </ImageFormat>
            </ImageItem>
            <ImageItem category="00000001" categoryName="部屋" categoryType="image_up" itemNo="17" videoId="1200042725">
              <ImageFormat description="" fileName="ono_test_1214">
                <URL>//api.cms.rakuten.co.jp/proxy/image/?movie_id=1200042725&amp;type=0</URL>
              </ImageFormat>
            </ImageItem>
            <ImageItem category="00000001" categoryName="部屋" categoryType="image_up" itemNo="18" videoId="">
              <ImageFormat description="" fileName="test">
                <URL>https://trvimg.r10s.jp/share/image_up/31571/origin/73bbcbedd16fcadae6f08710b61ad1bfdcf69632.82.9.26.3.jpg</URL>
              </ImageFormat>
            </ImageItem>
            <ImageItem category="00000001" categoryName="部屋" categoryType="image_up" itemNo="19" videoId="">
              <ImageFormat description="" fileName="SAT-test">
                <URL>https://trvimg.r10s.jp/share/image_up/31571/origin/a346d4f6894ace95c17cf192045718512e8103c9.82.9.26.3.jpg</URL>
              </ImageFormat>
            </ImageItem>
            <ImageItem category="00000001" categoryName="部屋" categoryType="image_up" itemNo="20" videoId="1200038603">
              <ImageFormat description="20210119174452" fileName="20210118 SOK DB復旧後確認用20210119174452">
                <URL>//api.cms.rakuten.co.jp/proxy/image/?movie_id=1200038603&amp;type=0</URL>
              </ImageFormat>
            </ImageItem>
            <ImageItem category="00000001" categoryName="部屋" categoryType="image_up" itemNo="21" videoId="">
              <ImageFormat description="" fileName="devproxy-abolish テスト">
                <URL>https://trvimg.r10s.jp/share/image_up/31571/origin/2017c00700a225b058678bdaa85d626bedf9d2d1.82.1.26.2.jpg</URL>
              </ImageFormat>
            </ImageItem>
            <ImageItem category="00000001" categoryName="部屋" categoryType="image_up" itemNo="22" videoId="">
              <ImageFormat description="42423srfserfsfsfsf##" fileName="safafafafa4244##">
                <URL>https://trvimg.r10s.jp/share/image_up/31571/origin/978b550403e7d2bfc44bf27c57ba8cdc003ae051.82.9.26.3.jpg</URL>
              </ImageFormat>
            </ImageItem>
            <ImageItem category="00000001" categoryName="部屋" categoryType="image_up" itemNo="23" videoId="">
              <ImageFormat description="test" fileName="test">
                <URL>https://trvimg.r10s.jp/share/image_up/31571/origin/37826dec1e4fa4b4bcf58e0d23f81e7b6cc237ec.82.9.26.3.jpeg</URL>
              </ImageFormat>
            </ImageItem>
            <ImageItem category="00000001" categoryName="部屋" categoryType="image_up" itemNo="24" videoId="">
              <ImageFormat description="42423srfserfsfsfsf##" fileName="safafafafa4244##">
                <URL>https://trvimg.r10s.jp/share/image_up/31571/origin/b43246c04cbe0cf23ed1b44588d0e030e16988f8.82.9.26.3.jpg</URL>
              </ImageFormat>
            </ImageItem>
            <ImageItem category="00000001" categoryName="部屋" categoryType="image_up" itemNo="25" videoId="">
              <ImageFormat description="42423srfserfsfsfsf##" fileName="safafafafa4244##">
                <URL>https://trvimg.r10s.jp/share/image_up/31571/origin/7b0ad7961f615d523c6faedbe13d15d2c53d928c.82.9.26.3.jpg</URL>
              </ImageFormat>
            </ImageItem>
            <ImageItem category="00000001" categoryName="部屋" categoryType="image_up" itemNo="26" videoId="">
              <ImageFormat description="" fileName="夜景">
                <URL>https://trvimg.r10s.jp/share/image_up/31571/origin/62638a4d025e4680ab28de2b5f7461fefaa37621.82.9.26.3.jpg</URL>
              </ImageFormat>
            </ImageItem>
            <ImageItem category="00000001" categoryName="部屋" categoryType="image_up" itemNo="27" videoId="">
              <ImageFormat description="42423srfserfsfsfsf##" fileName="safafafafa4244##">
                <URL>https://trvimg.r10s.jp/share/image_up/31571/origin/53ad333cc52b9fa96d4d38ea41151e657858577a.82.9.26.3.jpg</URL>
              </ImageFormat>
            </ImageItem>
            <ImageItem category="00000001" categoryName="部屋" categoryType="image_up" itemNo="28" videoId="1200038591">
              <ImageFormat description="" fileName="20210115 SOK新Ver再デプロイ後確認用動画">
                <URL>//api.cms.rakuten.co.jp/proxy/image/?movie_id=1200038591&amp;type=0</URL>
              </ImageFormat>
            </ImageItem>
            <ImageItem category="00000001" categoryName="部屋" categoryType="image_up" itemNo="29" videoId="">
              <ImageFormat description="panda2" fileName="PANDAPANDA">
                <URL>https://trvimg.r10s.jp/share/image_up/31571/origin/20188b7b405ef220d66ab43ad0d5a652f46e965a.82.9.26.3.gif</URL>
              </ImageFormat>
            </ImageItem>
            <ImageItem category="00000001" categoryName="部屋" categoryType="image_up" itemNo="30" videoId="">
              <ImageFormat description="" fileName="beachinv">
                <URL>https://trvimg.r10s.jp/share/image_up/31571/origin/4afceb9fba3e4356fd29433f0b64808f424b88bd.82.9.26.3.jpg</URL>
              </ImageFormat>
            </ImageItem>
            <ImageItem category="00000001" categoryName="部屋" categoryType="image_up" itemNo="31" videoId="1200043424">
              <ImageFormat description="" fileName="videoinv">
                <URL>//api.cms.rakuten.co.jp/proxy/image/?movie_id=1200043424&amp;type=0</URL>
              </ImageFormat>
            </ImageItem>
            <ImageItem category="00000001" categoryName="部屋" categoryType="image_up" itemNo="32" videoId="">
              <ImageFormat description="" fileName="Pooh">
                <URL>https://trvimg.r10s.jp/share/image_up/31571/origin/9d4e9b407740643ea23f45c10371d03c009ed4b4.82.9.26.3.jpg</URL>
              </ImageFormat>
            </ImageItem>
            <ImageItem category="00000001" categoryName="部屋" categoryType="image_up" itemNo="33" videoId="">
              <ImageFormat description="right pic" fileName="right pic">
                <URL>https://trvimg.r10s.jp/share/image_up/31571/origin/5a06de366207125cbdda7228986547446e85987c.82.9.26.3.jpg</URL>
              </ImageFormat>
            </ImageItem>
            <ImageItem category="00000001" categoryName="部屋" categoryType="image_up" itemNo="34" videoId="">
              <ImageFormat description="middle pic" fileName="middle pic">
                <URL>https://trvimg.r10s.jp/share/image_up/31571/origin/369af76e30d672dda80671d4cd2727c5d7b2c7e7.82.9.26.3.jpg</URL>
              </ImageFormat>
            </ImageItem>
            <ImageItem category="00000001" categoryName="部屋" categoryType="image_up" itemNo="35" videoId="">
              <ImageFormat description="hotel crab pic" fileName="crab">
                <URL>https://trvimg.r10s.jp/share/image_up/31571/origin/7386119c9fcf34dee56bc7ab0577e073c4a217e1.82.9.26.3.jpg</URL>
              </ImageFormat>
            </ImageItem>
            <ImageItem category="00000001" categoryName="部屋" categoryType="image_up" itemNo="36" videoId="">
              <ImageFormat description="" fileName="inv-image">
                <URL>https://trvimg.r10s.jp/share/image_up/31571/origin/edede586ef7bc656d109a7999ecfee829ce81468.82.9.26.3.jpg</URL>
              </ImageFormat>
            </ImageItem>
            <ImageItem category="00000001" categoryName="部屋" categoryType="image_up" itemNo="37" videoId="">
              <ImageFormat description="" fileName="inv-image">
                <URL>https://trvimg.r10s.jp/share/image_up/31571/origin/9a43f8af1edf8415d6c8c0dec3434dd766d04cb2.82.9.26.3.jpg</URL>
              </ImageFormat>
            </ImageItem>
            <ImageItem category="00000001" categoryName="部屋" categoryType="image_up" itemNo="38" videoId="">
              <ImageFormat description="" fileName="inv-image">
                <URL>https://trvimg.r10s.jp/share/image_up/31571/origin/506a550095a0f7ad0641594b20b337647c96bef6.82.9.26.3.jpg</URL>
              </ImageFormat>
            </ImageItem>
            <ImageItem category="00000001" categoryName="部屋" categoryType="image_up" itemNo="39" videoId="">
              <ImageFormat description="" fileName="invimage">
                <URL>https://trvimg.r10s.jp/share/image_up/31571/origin/d7621e24acafe657cd7718a0e200f19364fcc907.82.9.26.3.jpg</URL>
              </ImageFormat>
            </ImageItem>
            <ImageItem category="00000001" categoryName="部屋" categoryType="image_up" itemNo="40" videoId="">
              <ImageFormat description="" fileName="onotest01">
                <URL>https://trvimg.r10s.jp/share/image_up/31571/origin/20c646408635026d243a3b0be106f5d624bae1e4.82.9.26.3.jpe</URL>
              </ImageFormat>
            </ImageItem>
            <ImageItem category="00000001" categoryName="部屋" categoryType="image_up" itemNo="41" videoId="">
              <ImageFormat description="" fileName="onotest">
                <URL>https://trvimg.r10s.jp/share/image_up/31571/origin/46d0a901cd8c71da7b1950c530c37fa2606dc3f8.82.9.26.3.jpe</URL>
              </ImageFormat>
            </ImageItem>
            <ImageItem category="00000001" categoryName="部屋" categoryType="image_up" itemNo="42" videoId="">
              <ImageFormat description="" fileName="onotest_20230919">
                <URL>https://trvimg.r10s.jp/share/image_up/31571/origin/af1b91dc4694715cbb601f03adc1d3ccbb1795ec.82.9.26.3.jpeg</URL>
              </ImageFormat>
            </ImageItem>
            <ImageItem category="00000001" categoryName="部屋" categoryType="image_up" itemNo="43" videoId="1200039259">
              <ImageFormat description="test" fileName="Video Platformテスト用">
                <URL>//api.cms.rakuten.co.jp/proxy/image/?movie_id=1200039259&amp;type=0</URL>
              </ImageFormat>
            </ImageItem>
            <ImageItem category="00000001" categoryName="部屋" categoryType="image_up" itemNo="44" videoId="1200038515">
              <ImageFormat description="トラベル旧・Video新の状態でアップロードし、トラベル管理画面で再生できるかを確認する。" fileName="SOK 20201229 test for Dynamic Delivery">
                <URL>//api.cms.rakuten.co.jp/proxy/image/?movie_id=1200038515&amp;type=0</URL>
              </ImageFormat>
            </ImageItem>
            <ImageItem category="00000001" categoryName="部屋" categoryType="image_up" itemNo="45" videoId="1200038445">
              <ImageFormat description="施設紹介" fileName="施設紹介">
                <URL>//api.cms.rakuten.co.jp/proxy/image/?movie_id=1200038445&amp;type=0</URL>
              </ImageFormat>
            </ImageItem>
            <ImageItem category="00000001" categoryName="部屋" categoryType="image_up" itemNo="46" videoId="1200034875">
              <ImageFormat description="" fileName="Legacy Travel Upload">
                <URL>//api.cms.rakuten.co.jp/proxy/image/?movie_id=1200034875&amp;type=0</URL>
              </ImageFormat>
            </ImageItem>
            <ImageItem category="00000001" categoryName="部屋" categoryType="image_up" itemNo="47" videoId="1200036362">
              <ImageFormat description="テスト" fileName="テスト">
                <URL>//api.cms.rakuten.co.jp/proxy/image/?movie_id=1200036362&amp;type=0</URL>
              </ImageFormat>
            </ImageItem>
            <ImageItem category="00000001" categoryName="部屋" categoryType="image_up" itemNo="48" videoId="1200038404">
              <ImageFormat description="サンプル動画" fileName="飛行機">
                <URL>//api.cms.rakuten.co.jp/proxy/image/?movie_id=1200038404&amp;type=0</URL>
              </ImageFormat>
            </ImageItem>
            <ImageItem category="00000001" categoryName="部屋" categoryType="image_up" itemNo="49" videoId="">
              <ImageFormat description="FDASFSDFSDFSDFASFDSSDAFSDFSDFSDFSDAFSDFSDAFSADFDASFDASFSDFSDFSDFASFDSSDAFSDFSDFSDFSDAFSDFSDAFSADFDASFDASFSDFSDFSDFASFDSSDAFSDFSDFSDFSDAFSDFSDAFSADFDASFDASFSDFSDFSDFASFDSSDAFSDFSDFSDFSDAFSDFSDAFSADFDASFDASFSDFSDFSDFASFDSSDAFSDFSDFSDFSDAFSDFSDAFSADFDASFDASFSDFSDFSDFASFDSSDAFSDFSDFSDFSDAFSDFSDAFSADFDAS" fileName="FDASFSDFSDFSDFASFDSSDAFSDFSDFSDFSDAFSDFSDAFSADFDAS">
                <URL>https://trvimg.r10s.jp/share/image_up/31571/origin/84895681926c34d6bcb916c2ab4feb73ada9493e.82.9.26.3.jpg</URL>
              </ImageFormat>
            </ImageItem>
            <ImageItem category="00000001" categoryName="部屋" categoryType="image_up" itemNo="50" videoId="1200043439">
              <ImageFormat description="" fileName="videoinv">
                <URL>//api.cms.rakuten.co.jp/proxy/image/?movie_id=1200043439&amp;type=0</URL>
              </ImageFormat>
            </ImageItem>
            <ImageItem category="00000001" categoryName="部屋" categoryType="image_up" itemNo="51" videoId="1200043251">
              <ImageFormat description="" fileName="NEw_video_group">
                <URL>//api.cms.rakuten.co.jp/proxy/image/?movie_id=1200043251&amp;type=0</URL>
              </ImageFormat>
            </ImageItem>
            <ImageItem category="00000001" categoryName="部屋" categoryType="image_up" itemNo="52" videoId="">
              <ImageFormat description="" fileName="crab1">
                <URL>https://trvimg.r10s.jp/share/image_up/31571/origin/2c7efb484a5fd277c040bb5cce6932e9f52568f1.82.9.26.3.jpg</URL>
              </ImageFormat>
            </ImageItem>
            <ImageItem category="00000001" categoryName="部屋" categoryType="image_up" itemNo="53" videoId="">
              <ImageFormat description="" fileName="crab3">
                <URL>https://trvimg.r10s.jp/share/image_up/31571/origin/bd3b0af2ac10597a8b61394a3c364dce06bee791.82.9.26.3.jpg</URL>
              </ImageFormat>
            </ImageItem>
            <ImageItem category="00000001" categoryName="部屋" categoryType="image_up" itemNo="54" videoId="">
              <ImageFormat description="" fileName="crab4">
                <URL>https://trvimg.r10s.jp/share/image_up/31571/origin/1efe189f5c59f146198434034467ce3634aea3e9.82.9.26.3.jpg</URL>
              </ImageFormat>
            </ImageItem>
            <ImageItem category="00000001" categoryName="部屋" categoryType="image_up" itemNo="55" videoId="">
              <ImageFormat description="" fileName="crab1">
                <URL>https://trvimg.r10s.jp/share/image_up/31571/origin/5c715da3b6cd1fa4342a33325d7e720c7033d13b.82.9.26.3.jpg</URL>
              </ImageFormat>
            </ImageItem>
            <ImageItem category="00000001" categoryName="部屋" categoryType="image_up" itemNo="56" videoId="">
              <ImageFormat description="" fileName="crab5">
                <URL>https://trvimg.r10s.jp/share/image_up/31571/origin/3ecba70779373988e4246e08060d8629705f4f24.82.9.26.3.jpg</URL>
              </ImageFormat>
            </ImageItem>
            <ImageItem category="00000001" categoryName="部屋" categoryType="image_up" itemNo="57" videoId="">
              <ImageFormat description="" fileName="crab2">
                <URL>https://trvimg.r10s.jp/share/image_up/31571/origin/cbe7f1b69ccdbb7f0c57538c5e9fac8928fa847d.82.9.26.3.jpg</URL>
              </ImageFormat>
            </ImageItem>
            <ImageItem category="00000001" categoryName="部屋" categoryType="image_up" itemNo="58" videoId="">
              <ImageFormat description="" fileName="crab7">
                <URL>https://trvimg.r10s.jp/share/image_up/31571/origin/0731c7b5fa6c76a7ddb80a3c257720e18be1bf80.82.9.26.3.jpg</URL>
              </ImageFormat>
            </ImageItem>
            <ImageItem category="00000001" categoryName="部屋" categoryType="image_up" itemNo="59" videoId="">
              <ImageFormat description="" fileName="crab5">
[...]
              </ImageFormat>
            </ImageItem>
            <ImageItem category="00000000" categoryName="その他" categoryType="image_up" itemNo="24" videoId="">
              <ImageFormat description="" fileName="">
                <URL>https://trvimg.r10s.jp/share/image_up/31571/origin/587964fd9d929624020a92980a72ef0207e3ea47.82.9.26.3.jpg</URL>
              </ImageFormat>
            </ImageItem>
            <ImageItem category="00000000" categoryName="その他" categoryType="image_up" itemNo="25" videoId="">
              <ImageFormat description="" fileName="">
                <URL>https://trvimg.r10s.jp/share/image_up/31571/origin/914a45dbaf3064a3da646d9daf563740bef88661.82.1.26.2.jpeg</URL>
              </ImageFormat>
            </ImageItem>
            <ImageItem category="00000000" categoryName="その他" categoryType="image_up" itemNo="26" videoId="">
              <ImageFormat description="" fileName="">
                <URL>https://trvimg.r10s.jp/share/image_up/31571/origin/ad8f08136a09a3ba9b693b8857f74028e4fb5fb6.82.1.26.2.jpg</URL>
              </ImageFormat>
            </ImageItem>
            <ImageItem category="00000000" categoryName="その他" categoryType="image_up" itemNo="27" videoId="1200001885">
              <ImageFormat description="" fileName="1.3gp">
                <URL>//api.cms.rakuten.co.jp/proxy/image/?movie_id=1200001885&amp;type=0</URL>
              </ImageFormat>
            </ImageItem>
            <ImageItem category="00000000" categoryName="その他" categoryType="image_up" itemNo="28" videoId="1200001793">
              <ImageFormat description="" fileName="Wildlife.wmv">
                <URL>//api.cms.rakuten.co.jp/proxy/image/?movie_id=1200001793&amp;type=0</URL>
              </ImageFormat>
            </ImageItem>
            <ImageItem category="00000000" categoryName="その他" categoryType="image_up" itemNo="29" videoId="1200001789">
              <ImageFormat description="" fileName="Wildlife.wmv">
                <URL>//api.cms.rakuten.co.jp/proxy/image/?movie_id=1200001789&amp;type=0</URL>
              </ImageFormat>
            </ImageItem>
            <ImageItem category="00000000" categoryName="その他" categoryType="image_up" itemNo="30" videoId="">
              <ImageFormat description="" fileName=" ">
                <URL>https://trvimg.r10s.jp/share/image_up/31571/origin/f75729245a19ce80b697c4125b61a57a2ff43ad6.82.1.26.2.jpeg</URL>
              </ImageFormat>
            </ImageItem>
            <ImageItem category="00000000" categoryName="その他" categoryType="image_up" itemNo="31" videoId="">
              <ImageFormat description="" fileName="">
                <URL>https://trvimg.r10s.jp/share/image_up/31571/origin/0364a927e8686fb0412e82b76dc7564686974d05.82.1.26.2.jpg</URL>
              </ImageFormat>
            </ImageItem>
            <ImageItem category="00000000" categoryName="その他" categoryType="image_up" itemNo="32" videoId="">
              <ImageFormat description="" fileName="">
                <URL>https://trvimg.r10s.jp/share/image_up/31571/origin/715f9a3b3a56e7e690f80fd6c10ca19dc9ac621f.82.9.26.3.jpg</URL>
              </ImageFormat>
            </ImageItem>
            <ImageItem category="00000000" categoryName="その他" categoryType="image_up" itemNo="33" videoId="1200043365">
              <ImageFormat description="" fileName="">
                <URL>//api.cms.rakuten.co.jp/proxy/image/?movie_id=1200043365&amp;type=0</URL>
              </ImageFormat>
            </ImageItem>
            <ImageItem category="00000000" categoryName="その他" categoryType="image_up" itemNo="34" videoId="1200043364">
              <ImageFormat description="" fileName="">
                <URL>//api.cms.rakuten.co.jp/proxy/image/?movie_id=1200043364&amp;type=0</URL>
              </ImageFormat>
            </ImageItem>
            <ImageItem category="00000000" categoryName="その他" categoryType="image_up" itemNo="35" videoId="1200043262">
              <ImageFormat description="" fileName="">
                <URL>//api.cms.rakuten.co.jp/proxy/image/?movie_id=1200043262&amp;type=0</URL>
              </ImageFormat>
            </ImageItem>
            <ImageItem category="00000000" categoryName="その他" categoryType="image_up" itemNo="36" videoId="">
              <ImageFormat description="" fileName="">
                <URL>https://trvimg.r10s.jp/share/image_up/31571/origin/dd19fe4a08668bb035af861ca3060070cfe99b41.82.9.26.3.jpg</URL>
              </ImageFormat>
            </ImageItem>
            <ImageItem category="00000000" categoryName="その他" categoryType="image_up" itemNo="37" videoId="">
              <ImageFormat description="" fileName="">
                <URL>https://trvimg.r10s.jp/share/image_up/31571/origin/fa650172103ac68d783e1ea931b3fff4047f79c8.82.9.26.3.jpg</URL>
              </ImageFormat>
            </ImageItem>
            <ImageItem category="00000000" categoryName="その他" categoryType="image_up" itemNo="38" videoId="">
              <ImageFormat description="" fileName="">
                <URL>https://trvimg.r10s.jp/share/image_up/31571/origin/9a0ff1303eaff8b4a06f899bb69abf4102a61632.82.1.26.2.jpeg</URL>
              </ImageFormat>
            </ImageItem>
            <ImageItem category="00000000" categoryName="その他" categoryType="image_up" itemNo="39" videoId="">
              <ImageFormat description="" fileName="">
                <URL>https://trvimg.r10s.jp/share/image_up/31571/origin/dd499632e91f6d5c6c95558e41c6cda455585d10.82.1.26.2.jpg</URL>
              </ImageFormat>
            </ImageItem>
            <ImageItem category="00000000" categoryName="その他" categoryType="image_up" itemNo="40" videoId="">
              <ImageFormat description="" fileName="">
                <URL>https://trvimg.r10s.jp/share/image_up/31571/origin/29db6074809ef443191dacd285188eff4fc416f6.82.1.26.2.jpg</URL>
              </ImageFormat>
            </ImageItem>
            <ImageItem category="00000000" categoryName="その他" categoryType="image_up" itemNo="41" videoId="">
              <ImageFormat description="" fileName="">
                <URL>https://trvimg.r10s.jp/share/image_up/31571/origin/930f5eb1ee06ccb1e90203128138713c84441f11.82.1.26.2.jpg</URL>
              </ImageFormat>
            </ImageItem>
            <ImageItem category="00000000" categoryName="その他" categoryType="image_up" itemNo="42" videoId="">
              <ImageFormat description="" fileName="">
                <URL>https://trvimg.r10s.jp/share/image_up/31571/origin/3766df7961ac86f8f844afd845ab674f5196654f.82.1.26.2.jpg</URL>
              </ImageFormat>
            </ImageItem>
            <ImageItem category="00000000" categoryName="その他" categoryType="image_up" itemNo="43" videoId="">
              <ImageFormat description="" fileName="">
                <URL>https://trvimg.r10s.jp/share/image_up/31571/origin/5b09ee861125f4280ccc14dc9872fe0bc8c7ea58.82.1.26.2.jpg</URL>
              </ImageFormat>
            </ImageItem>
            <ImageItem category="00000000" categoryName="その他" categoryType="image_up" itemNo="44" videoId="">
              <ImageFormat description="" fileName="">
                <URL>https://trvimg.r10s.jp/share/image_up/31571/origin/73da3596945759ac0db171873fde34579c22621f.82.1.26.2.jpg</URL>
              </ImageFormat>
            </ImageItem>
            <ImageItem category="00000000" categoryName="その他" categoryType="image_up" itemNo="45" videoId="">
              <ImageFormat description="" fileName="">
                <URL>https://trvimg.r10s.jp/share/image_up/31571/origin/32dc5bc64488d30a01722fc64f8a227a89cd400e.82.1.26.2.jpg</URL>
              </ImageFormat>
            </ImageItem>
            <ImageItem category="00000000" categoryName="その他" categoryType="image_up" itemNo="46" videoId="">
              <ImageFormat description="" fileName="">
                <URL>https://trvimg.r10s.jp/share/image_up/31571/origin/72537177a260397fafb523cfc11f5b07e31719ab.82.1.26.2.jpg</URL>
              </ImageFormat>
            </ImageItem>
            <ImageItem category="00000000" categoryName="その他" categoryType="image_up" itemNo="47" videoId="">
              <ImageFormat description="" fileName="">
                <URL>https://trvimg.r10s.jp/share/image_up/31571/origin/fee3f190d9e534ad98411786eea0f652d7d27606.82.1.26.2.jpg</URL>
              </ImageFormat>
            </ImageItem>
            <ImageItem category="00000000" categoryName="その他" categoryType="image_up" itemNo="48" videoId="">
              <ImageFormat description="" fileName="">
                <URL>https://trvimg.r10s.jp/share/image_up/31571/origin/44aae0bde2fd618545e94fbbcfe55977c4a84ee1.82.1.26.2.jpg</URL>
              </ImageFormat>
            </ImageItem>
            <ImageItem category="00000000" categoryName="その他" categoryType="image_up" itemNo="49" videoId="">
              <ImageFormat description="" fileName="">
                <URL>https://trvimg.r10s.jp/share/image_up/31571/origin/1e8a384c3417135e94e3afdee9c31eec06067dad.82.1.26.2.jpg</URL>
              </ImageFormat>
            </ImageItem>
            <ImageItem category="00000000" categoryName="その他" categoryType="image_up" itemNo="50" videoId="">
              <ImageFormat description="" fileName="">
                <URL>https://trvimg.r10s.jp/share/image_up/31571/origin/1c5ac32e71ac84f9d5b7c75ed08b5e140c7d5745.82.1.26.2.jpg</URL>
              </ImageFormat>
            </ImageItem>
            <ImageItem category="00000000" categoryName="その他" categoryType="image_up" itemNo="51" videoId="">
              <ImageFormat description="" fileName="">
                <URL>https://trvimg.r10s.jp/share/image_up/31571/origin/a0c5a97976c587861fe89fa6611fde582bc5ab23.82.1.26.2.jpg</URL>
              </ImageFormat>
            </ImageItem>
            <ImageItem category="00000000" categoryName="その他" categoryType="image_up" itemNo="52" videoId="">
              <ImageFormat description="" fileName="">
                <URL>https://trvimg.r10s.jp/share/image_up/31571/origin/451e77e3bff1611beb175a41088021e27bc8340f.82.1.26.2.jpg</URL>
              </ImageFormat>
            </ImageItem>
            <ImageItem category="00000000" categoryName="その他" categoryType="image_up" itemNo="53" videoId="">
              <ImageFormat description="" fileName="">
                <URL>https://trvimg.r10s.jp/share/image_up/31571/origin/a62d42851d41f95730731083eb063ca0dd438aa3.82.1.26.2.jpg</URL>
              </ImageFormat>
            </ImageItem>
            <ImageItem category="00000000" categoryName="その他" categoryType="image_up" itemNo="54" videoId="">
              <ImageFormat description="" fileName=" ">
                <URL>https://trvimg.r10s.jp/share/image_up/31571/origin/a5baa919effa9999a35fa5a65161d3c7ad70f5b6.82.1.26.2.jpeg</URL>
              </ImageFormat>
            </ImageItem>
            <ImageItem category="00000000" categoryName="その他" categoryType="image_up" itemNo="55" videoId="">
              <ImageFormat description="" fileName=" ">
                <URL>https://trvimg.r10s.jp/share/image_up/31571/origin/38025afdaf376422084f94dab73a2ed53991cf56.82.1.26.2.jpeg</URL>
              </ImageFormat>
            </ImageItem>
            <ImageItem category="00000000" categoryName="その他" categoryType="image_up" itemNo="56" videoId="">
              <ImageFormat description="" fileName=" ">
                <URL>https://trvimg.r10s.jp/share/image_up/31571/origin/b0d72c6fd3b50875a75a5dc1cde3b16c3422b6dd.82.1.26.2.jpeg</URL>
              </ImageFormat>
            </ImageItem>
            <ImageItem category="00000000" categoryName="その他" categoryType="image_up" itemNo="57" videoId="">
              <ImageFormat description="" fileName=" ">
                <URL>https://trvimg.r10s.jp/share/image_up/31571/origin/f4d5eddd6cedaa201abae5576dfea6e89e439a6b.82.1.26.2.jpeg</URL>
              </ImageFormat>
            </ImageItem>
            <ImageItem category="10000021" categoryName="test083001" categoryType="image_up" itemNo="1" videoId="">
              <ImageFormat description="" fileName="">
                <URL>https://trvimg.r10s.jp/share/image_up/31571/origin/4aebb9a63fbd99fdfff9ffcdeff62144ef420182.82.9.26.3.jpg</URL>
              </ImageFormat>
            </ImageItem>
            <ImageItem category="10000021" categoryName="test083001" categoryType="image_up" itemNo="2" videoId="">
              <ImageFormat description="" fileName="">
                <URL>https://trvimg.r10s.jp/share/image_up/31571/origin/13787ee71f18ce4dc6ee8c278ca6970a2f5ebf55.82.9.26.3.jpg</URL>
              </ImageFormat>
            </ImageItem>
            <ImageItem category="10000021" categoryName="test083001" categoryType="image_up" itemNo="3" videoId="1200043430">
              <ImageFormat description="" fileName="videoinvcorev2">
                <URL>//api.cms.rakuten.co.jp/proxy/image/?movie_id=1200043430&amp;type=0</URL>
              </ImageFormat>
            </ImageItem>
            <ImageItem category="10000022" categoryName="Media" categoryType="image_up" itemNo="1" videoId="1200043440">
              <ImageFormat description="" fileName="invvid">
                <URL>//api.cms.rakuten.co.jp/proxy/image/?movie_id=1200043440&amp;type=0</URL>
              </ImageFormat>
            </ImageItem>
          </ImageItems>
        </MultimediaDescription>
      </MultimediaDescriptions>
      <ContactInfos>
        <ContactInfo>
          <Addresses>
            <Address>
              <!-- Optional -->
              <PostalCode>1000005</PostalCode>
              <AddressLine>東京都東京都千代田区丸の内１丁目2</AddressLine>
              <Area cd="01" id="japan">日本</Area>
              <Area cd="02" id="tokyo">東京都</Area>
              <Area cd="03" id="tokyo">東京２３区内</Area>
              <Area cd="04" id="A">東京駅・銀座・秋葉原・東陽町・葛西</Area>
            </Address>
          </Addresses>
        </ContactInfo>
      </ContactInfos>
      <Promotions>
        <!-- ポイント加算、マイレージ加算 -->
      </Promotions>
      <PetInfos>
        <PetInfo>ワンちゃん、ネコちゃんと一緒に旅行したい！！そんな方いっぱいいらっしゃると思います。私たちも猫を2匹飼っているので一緒に泊まれる宿を探すのにいつも苦労しています。ペット宿泊可能でも同室不可だったり…。そんな思いを胸に今回ペット同室宿泊可能プランを用意させていただきました。宿目の前に駐車場（有料）もあるので車でお越しの方にも便利です。是非この機会に家族全員での旅行をお楽しみください！</PetInfo>
        <Pictures>
          <Picture>31571_1.jpg</Picture>
          <Picture>31571_2.jpg</Picture>
        </Pictures>
        <PetTypes>
          <PetType okFlg="1">小型犬</PetType>
          <PetType okFlg="1">中型犬</PetType>
          <PetType okFlg="0">大型犬</PetType>
          <PetType okFlg="0">超大型犬</PetType>
          <PetType okFlg="1">猫</PetType>
          <PetType okFlg="0">小動物</PetType>
        </PetTypes>
        <StayLocations separateRoom="0">
          <StayLocation okFlg="0">屋外のみ</StayLocation>
          <StayLocation okFlg="0">併設ペットホテル</StayLocation>
          <StayLocation okFlg="0">別室預かり</StayLocation>
          <Other okFlg="0"/>
        </StayLocations>
        <RoomType>和室（個室2人部屋）</RoomType>
        <Fee free="1">1匹は部屋料金に含まれる。2匹目は3000円追加。</Fee>
        <Facilitys>
          <Facility okFlg="0">ドッグラン</Facility>
          <Facility okFlg="0">ペット預り</Facility>
          <Facility okFlg="0">ペットと入れる温泉</Facility>
          <Facility okFlg="0">アジリティ</Facility>
          <Facility okFlg="0">足洗い場</Facility>
          <Other okFlg="1">必要なものはご持参ください。</Other>
        </Facilitys>
        <Terms>
          <Term okFlg="1">トイレのしつけ</Term>
          <Term okFlg="1">予防接種</Term>
          <Term okFlg="1">無駄吠えしない</Term>
          <Term okFlg="0">留守番ができる</Term>
          <Term okFlg="1">発情中は不可</Term>
          <Other okFlg="0"/>
        </Terms>
        <Locations>
          <Location okFlg="0">食堂</Location>
          <Location okFlg="0">ロビー</Location>
          <Location okFlg="0">プレイルーム</Location>
          <Other okFlg="1">客室、併設の1階のバー</Other>
        </Locations>
        <BringingItems>
          <BringingItem okFlg="0">カラー(首輪)</BringingItem>
          <BringingItem okFlg="0">リード</BringingItem>
          <BringingItem okFlg="1">食器</BringingItem>
          <BringingItem okFlg="1">フード</BringingItem>
          <BringingItem okFlg="0">おやつ</BringingItem>
          <BringingItem okFlg="1">おもちゃ</BringingItem>
          <BringingItem okFlg="1">トイレシーツ</BringingItem>
          <BringingItem okFlg="0">粘着テープ</BringingItem>
          <BringingItem okFlg="0">消臭スプレー</BringingItem>
          <BringingItem okFlg="0">足拭きタオル</BringingItem>
          <BringingItem okFlg="0">バスタオル</BringingItem>
          <BringingItem okFlg="0">毛布やマット(シーツ)</BringingItem>
          <BringingItem okFlg="0">ケージ</BringingItem>
          <Other okFlg="1">宿側でのペット受け入れ準備はございませんので必要な物は全てお客様にてご持参ください。</Other>
        </BringingItems>
        <ArroundFacility>近隣にペット同伴可能レストランあり（徒歩15分）</ArroundFacility>
        <ShowPet>看板猫が2匹います。（客室には入りません）</ShowPet>
        <Please>ホステル（ゲストハウス）内の個室での宿泊となります。他のお客様が宿泊されている場合がございますので夜23時　朝9時までは静かにしていただけるようご協力お願いいたします。また予約後に別途メールにて「ペット同伴注意事項書」を送らせていただきますので必ずご確認いただいてからご宿泊ください。</Please>
        <Other>チェックアウトは宿泊者様立会いの下、施設の破損物がないか等の確認をさせていただきます。粗相、汚れ、破損等がございます場合は実費損害をご請求させていただきますのでご了承ください。</Other>
      </PetInfos>
      <SpaInfos>
        <Title>良温泉</Title>
        <SpaInfo>hello2</SpaInfo>
        <Pictures>
          <Picture>31571_1.jpg</Picture>
          <Picture>1145_1.jpg</Picture>
          <Picture>images.jpg</Picture>
        </Pictures>
        <Kinds>
          <Kind id="01">温泉</Kind>
          <Kind id="06">天然温泉</Kind>
          <Kind id="07">人工温泉</Kind>
        </Kinds>
        <SpringQualities>
          <SpringQuality>硫黄塩泉</SpringQuality>
          <SpringQuality>カルシウム硫酸塩泉</SpringQuality>
          <SpringQuality>硫酸温泉</SpringQuality>
        </SpringQualities>
        <Efficacies>
          <Efficacy>アトピー・湿疹</Efficacy>
          <Efficacy>胃腸病</Efficacy>
          <Efficacy>痛風</Efficacy>
        </Efficacies>
        <Views>
          <View>海が見える</View>
          <View>川沿い</View>
          <View>山が見える</View>
        </Views>
        <Equipments>
          <Equipment>有料テレビ</Equipment>
          <Equipment>インターネット接続(LAN形式)</Equipment>
          <Equipment>インターネット接続(無線LAN形式)</Equipment>
          <Equipment>インターネット接続(一部、LAN形式)</Equipment>
          <Equipment>インターネット接続(一部、無線LAN形式)</Equipment>
          <Equipment>ズボンプレッサー(貸出)</Equipment>
          <Equipment>ベビーベッド</Equipment>
        </Equipments>
        <BathTime>11:00 ~ 24:00</BathTime>
        <SpaVillageName/>
      </SpaInfos>
      <EnqueteInfo>
        <Count>7750</Count>
        <Total>5.0</Total>
      </EnqueteInfo>
      <SustainableCertification>
        <Certification>サステナブルトラベル★</Certification>
      </SustainableCertification>
      <SustainableGroupDescription>
        <Description>TQABUG-15010 test</Description>
      </SustainableGroupDescription>
      <SustainableInfos/>
      <SustainablePreviews/>
    </HotelDescriptiveContent>
  </HotelDescriptiveContents>
</OTA_HotelDescriptiveInfoRS>
 
---------------------------------------------------------
feature: classpath:rakuten/zeromanual/apihotelRegressionSTG/apihotel.feature
scenarios:  1 | passed:  0 | failed:  1 | time: 1.7354
---------------------------------------------------------

Karate version: 1.4.1
======================================================
elapsed:   6.68 | threads:    1 | thread time: 1.74 
features:     1 | skipped:    0 | efficiency: 0.26
scenarios:    1 | passed:     0 | failed: 1
======================================================
>>> failed features:
match failed: EQUALS
  $ | not equal (STRING:STRING)
  '
				'
  '
            '

classpath:rakuten/zeromanual/apihotelRegressionSTG/apihotel.feature:52
<<<

HTML report: (paste into browser to view) | Karate version: 1.4.1
file:///C:/Users/os-tingting.liu/Downloads/test-automation-karate-feature-extent-report-yanni/target/karate-reports/karate-summary.html
===================================================================

]]></system-out>
  </testcase>
</testsuite>