<?xml version="1.0" encoding="UTF-8"?>
<testsuite xmlns:xsi="http://www.w3.org/2001/XMLSchema-instance" xsi:noNamespaceSchemaLocation="https://maven.apache.org/surefire/maven-surefire-plugin/xsd/surefire-test-report-3.0.xsd" version="3.0" name="rakuten.zeromanual.mynotify.MyNotifyRunner" time="7.222" tests="12" errors="0" skipped="0" failures="0">
  <properties>
[...]
</properties>
  <testcase name="[1.1:19] TC001-IosDevicewithPutNormalPattern" classname="rakuten/zeromanual/mynotify/mynotify" time="1.357">
    <system-out><![CDATA[20:22:17.122 [main] INFO  com.intuit.karate - Initializing extent report...
20:22:17.311 [main] INFO  com.intuit.karate - Extent report is created in C:\Users\os-tingting.liu\Documents\report\Extent_Report.html
20:22:17.405 [main] INFO  com.intuit.karate - karate.env system property was: null 
20:22:17.412 [main] INFO  com.intuit.karate - karate.api.proxy system property was: http://stg-proxy.travel.rakuten.co.jp:9050 
20:22:17.423 [main] INFO  com.intuit.karate - karate.ui.proxy system property was: null 
20:22:17.424 [main] INFO  com.intuit.karate - karate.ui.showBrowser system property was: null 
20:22:17.816 [main] INFO  com.intuit.karate - [print] http://stg-proxy.travel.rakuten.co.jp:9050 
20:22:18.310 [main] INFO  com.intuit.karate - [print] http://stg-atrmynotify101z.stg.jp.local/mynotify/iosDevice/put?rakuten_oauth_api=rakutentravel_myapi&akey=iv6k8rA&apiClientId=travel_ios&easyId=39209872&deviceToken=7d196b4f6d626982fdb1af46fb8f0b2ba4e9cec058103e3cc0added161722e39&pushType=0 
20:22:18.312 [main] INFO  com.intuit.karate - [print] 200 
20:22:18.314 [main] INFO  com.intuit.karate - [print] {
  "Header": {
    "Status": "Success"
  }
}
 
20:22:18.315 [main] INFO  com.intuit.karate - [print] #(read("response/scenario1/TC001-IosDevicewithPutNormalPattern.json")) 
]]></system-out>
  </testcase>
  <testcase name="[1.2:19] TC002-IosDevicewithPutErrorPattern" classname="rakuten/zeromanual/mynotify/mynotify" time="0.238">
    <system-out><![CDATA[20:22:18.501 [main] INFO  com.intuit.karate - karate.env system property was: null 
20:22:18.502 [main] INFO  com.intuit.karate - karate.api.proxy system property was: http://stg-proxy.travel.rakuten.co.jp:9050 
20:22:18.503 [main] INFO  com.intuit.karate - karate.ui.proxy system property was: null 
20:22:18.504 [main] INFO  com.intuit.karate - karate.ui.showBrowser system property was: null 
20:22:18.527 [main] INFO  com.intuit.karate - [print] http://stg-proxy.travel.rakuten.co.jp:9050 
20:22:18.625 [main] INFO  com.intuit.karate - [print] http://stg-atrmynotify101z.stg.jp.local/mynotify/iosDevice/put?rakuten_oauth_api=rakutentravel_myapi&akey=iv6k8rA&apiClientId=travel_ios&easyId=aaa&deviceToken=7d196b4f6d626982fdb1af46fb8f0b2ba4e9cec058103e3cc0added161722e39&pushType=0 
20:22:18.626 [main] INFO  com.intuit.karate - [print] 200 
20:22:18.626 [main] INFO  com.intuit.karate - [print] {
  "Header": {
    "Status": "ClientError",
    "StatusMsg": "EasyIDは長整数でなければいけません。"
  }
}
 
20:22:18.627 [main] INFO  com.intuit.karate - [print] #(read("response/scenario1/TC002-IosDevicewithPutErrorPattern.json")) 
]]></system-out>
  </testcase>
  <testcase name="[1.3:19] TC003-IosDevicewithGetNormalPattern" classname="rakuten/zeromanual/mynotify/mynotify" time="0.212">
    <system-out><![CDATA[20:22:18.725 [main] INFO  com.intuit.karate - karate.env system property was: null 
20:22:18.727 [main] INFO  com.intuit.karate - karate.api.proxy system property was: http://stg-proxy.travel.rakuten.co.jp:9050 
20:22:18.729 [main] INFO  com.intuit.karate - karate.ui.proxy system property was: null 
20:22:18.729 [main] INFO  com.intuit.karate - karate.ui.showBrowser system property was: null 
20:22:18.741 [main] INFO  com.intuit.karate - [print] http://stg-proxy.travel.rakuten.co.jp:9050 
20:22:18.808 [main] INFO  com.intuit.karate - [print] http://stg-atrmynotify101z.stg.jp.local/mynotify/iosDevice/get?rakuten_oauth_api=rakutentravel_myapi&akey=iv6k8rA&apiClientId=travel_ios&easyId=39209872&deviceToken=&pushType=0 
20:22:18.809 [main] INFO  com.intuit.karate - [print] 200 
20:22:18.809 [main] INFO  com.intuit.karate - [print] {
  "Body": {
    "device": [
      {
        "deviceToken": "7d196b4f6d626982fdb1af46fb8f0b2ba4e9cec058103e3cc0added161722e38",
        "pushType": 0
      },
      {
        "deviceToken": "7d196b4f6d626982fdb1af46fb8f0b2ba4e9cec058103e3cc0added161722e39",
        "pushType": 0
      }
    ]
  },
  "Header": {
    "Status": "Success"
  }
}
 
20:22:18.810 [main] INFO  com.intuit.karate - [print] #(read("response/scenario1/TC003-IosDevicewithGetNormalPattern.json")) 
]]></system-out>
  </testcase>
  <testcase name="[1.4:19] TC004-IosDevicewithGetErrorPattern" classname="rakuten/zeromanual/mynotify/mynotify" time="0.201">
    <system-out><![CDATA[20:22:18.939 [main] INFO  com.intuit.karate - karate.env system property was: null 
20:22:18.940 [main] INFO  com.intuit.karate - karate.api.proxy system property was: http://stg-proxy.travel.rakuten.co.jp:9050 
20:22:18.940 [main] INFO  com.intuit.karate - karate.ui.proxy system property was: null 
20:22:18.941 [main] INFO  com.intuit.karate - karate.ui.showBrowser system property was: null 
20:22:18.954 [main] INFO  com.intuit.karate - [print] http://stg-proxy.travel.rakuten.co.jp:9050 
20:22:19.035 [main] INFO  com.intuit.karate - [print] http://stg-atrmynotify101z.stg.jp.local/mynotify/iosDevice/get?rakuten_oauth_api=rakutentravel_myapi&akey=iv6k8rA&apiClientId=travel_ios&easyId=&deviceToken=861219f18c6d42183404d8e8d2ec8da7e552b5034264af23376bbfb37c8f7d54&pushType=0 
20:22:19.037 [main] INFO  com.intuit.karate - [print] 200 
20:22:19.038 [main] INFO  com.intuit.karate - [print] {
  "Header": {
    "Status": "ClientError",
    "StatusMsg": "EasyIDは必須です。"
  }
}
 
20:22:19.040 [main] INFO  com.intuit.karate - [print] #(read("response/scenario1/TC004-IosDevicewithGetErrorPattern.json")) 
]]></system-out>
  </testcase>
  <testcase name="[2.1:30] TC005-IosDevicewithDeleteNormalPattern" classname="rakuten/zeromanual/mynotify/mynotify" time="0.192">
    <system-out><![CDATA[20:22:19.145 [main] INFO  com.intuit.karate - karate.env system property was: null 
20:22:19.147 [main] INFO  com.intuit.karate - karate.api.proxy system property was: http://stg-proxy.travel.rakuten.co.jp:9050 
20:22:19.147 [main] INFO  com.intuit.karate - karate.ui.proxy system property was: null 
20:22:19.148 [main] INFO  com.intuit.karate - karate.ui.showBrowser system property was: null 
20:22:19.161 [main] INFO  com.intuit.karate - [print] http://stg-proxy.travel.rakuten.co.jp:9050 
20:22:19.227 [main] INFO  com.intuit.karate - [print] http://stg-atrmynotify101z.stg.jp.local/mynotify/iosDevice/delete?rakuten_oauth_api=rakutentravel_myapi&akey=iv6k8rA&apiClientId=travel_ios&easyId=39209872&deviceToken=7d196b4f6d626982fdb1af46fb8f0b2ba4e9cec058103e3cc0added161722e39&pushType=1 
20:22:19.229 [main] INFO  com.intuit.karate - [print] 200 
20:22:19.230 [main] INFO  com.intuit.karate - [print] {
  "Header": {
    "Status": "Success"
  }
}
 
20:22:19.230 [main] INFO  com.intuit.karate - [print] #(read("response/scenario1/TC005-IosDevicewithDeleteNormalPattern.json")) 
]]></system-out>
  </testcase>
  <testcase name="[2.2:30] TC006-IosDevicewithDeleteErrorPattern" classname="rakuten/zeromanual/mynotify/mynotify" time="0.201">
    <system-out><![CDATA[20:22:19.336 [main] INFO  com.intuit.karate - karate.env system property was: null 
20:22:19.337 [main] INFO  com.intuit.karate - karate.api.proxy system property was: http://stg-proxy.travel.rakuten.co.jp:9050 
20:22:19.337 [main] INFO  com.intuit.karate - karate.ui.proxy system property was: null 
20:22:19.338 [main] INFO  com.intuit.karate - karate.ui.showBrowser system property was: null 
20:22:19.351 [main] INFO  com.intuit.karate - [print] http://stg-proxy.travel.rakuten.co.jp:9050 
20:22:19.440 [main] INFO  com.intuit.karate - [print] http://stg-atrmynotify101z.stg.jp.local/mynotify/iosDevice/delete?rakuten_oauth_api=rakutentravel_myapi&akey=iv6k8rA&apiClientId=travel_ios&easyId=13634545&deviceToken=&pushType=1 
20:22:19.441 [main] INFO  com.intuit.karate - [print] 200 
20:22:19.442 [main] INFO  com.intuit.karate - [print] {
  "Header": {
    "Status": "ClientError",
    "StatusMsg": "デバイストークンは必須です。"
  }
}
 
20:22:19.443 [main] INFO  com.intuit.karate - [print] #(read("response/scenario1/TC006-IosDevicewithDeleteErrorPattern.json")) 
]]></system-out>
  </testcase>
  <testcase name="[3.1:41] TC001-AndroidDevicewithputNormalPattern" classname="rakuten/zeromanual/mynotify/mynotify" time="0.182">
    <system-out><![CDATA[20:22:19.537 [main] INFO  com.intuit.karate - karate.env system property was: null 
20:22:19.538 [main] INFO  com.intuit.karate - karate.api.proxy system property was: http://stg-proxy.travel.rakuten.co.jp:9050 
20:22:19.539 [main] INFO  com.intuit.karate - karate.ui.proxy system property was: null 
20:22:19.539 [main] INFO  com.intuit.karate - karate.ui.showBrowser system property was: null 
20:22:19.562 [main] INFO  com.intuit.karate - [print] http://stg-proxy.travel.rakuten.co.jp:9050 
20:22:19.624 [main] INFO  com.intuit.karate - [print] http://stg-atrmynotify101z.stg.jp.local/mynotify/deviceLogin/put?rakuten_oauth_api=&akey=iv6k8rA&method=&apiClientId=travel_android&easyId=39209872 
20:22:19.625 [main] INFO  com.intuit.karate - [print] 200 
20:22:19.625 [main] INFO  com.intuit.karate - [print] {
  "Header": {
    "Status": "Success"
  }
}
 
20:22:19.626 [main] INFO  com.intuit.karate - [print] #(read("response/scenario2/TC001-AndroidDevicewithputNormalPattern.json")) 
]]></system-out>
  </testcase>
  <testcase name="[3.2:41] TC003-AndroidDevicewithindexNormalPattern" classname="rakuten/zeromanual/mynotify/mynotify" time="0.207">
    <system-out><![CDATA[20:22:19.727 [main] INFO  com.intuit.karate - karate.env system property was: null 
20:22:19.728 [main] INFO  com.intuit.karate - karate.api.proxy system property was: http://stg-proxy.travel.rakuten.co.jp:9050 
20:22:19.729 [main] INFO  com.intuit.karate - karate.ui.proxy system property was: null 
20:22:19.729 [main] INFO  com.intuit.karate - karate.ui.showBrowser system property was: null 
20:22:19.742 [main] INFO  com.intuit.karate - [print] http://stg-proxy.travel.rakuten.co.jp:9050 
20:22:19.815 [main] INFO  com.intuit.karate - [print] http://stg-atrmynotify101z.stg.jp.local/mynotify/deviceLogin/index?rakuten_oauth_api=rakutentravel_myapi&akey=aLknnlK&method=put&apiClientId=travel_android&easyId=39209872 
20:22:19.817 [main] INFO  com.intuit.karate - [print] 200 
20:22:19.817 [main] INFO  com.intuit.karate - [print] {
  "Header": {
    "Status": "Success"
  }
}
 
20:22:19.818 [main] INFO  com.intuit.karate - [print] #(read("response/scenario2/TC003-AndroidDevicewithindexNormalPattern.json")) 
]]></system-out>
  </testcase>
  <testcase name="[3.3:41] TC005-AndroidDevicewithdeleteNormalPattern" classname="rakuten/zeromanual/mynotify/mynotify" time="0.171">
    <system-out><![CDATA[20:22:19.932 [main] INFO  com.intuit.karate - karate.env system property was: null 
20:22:19.933 [main] INFO  com.intuit.karate - karate.api.proxy system property was: http://stg-proxy.travel.rakuten.co.jp:9050 
20:22:19.933 [main] INFO  com.intuit.karate - karate.ui.proxy system property was: null 
20:22:19.934 [main] INFO  com.intuit.karate - karate.ui.showBrowser system property was: null 
20:22:19.947 [main] INFO  com.intuit.karate - [print] http://stg-proxy.travel.rakuten.co.jp:9050 
20:22:20.009 [main] INFO  com.intuit.karate - [print] http://stg-atrmynotify101z.stg.jp.local/mynotify/deviceLogin/delete?rakuten_oauth_api=rakutentravel_myapi&akey=aLknnlK&method=delete&apiClientId=travel_android&easyId=39209872 
20:22:20.010 [main] INFO  com.intuit.karate - [print] 200 
20:22:20.010 [main] INFO  com.intuit.karate - [print] {
  "Header": {
    "Status": "Success"
  }
}
 
20:22:20.011 [main] INFO  com.intuit.karate - [print] #(read("response/scenario2/TC005-AndroidDevicewithdeleteNormalPattern.json")) 
]]></system-out>
  </testcase>
  <testcase name="[4.1:54] TC002-AndroidDevicewithputErrorPattern" classname="rakuten/zeromanual/mynotify/mynotify" time="0.184">
    <system-out><![CDATA[20:22:20.112 [main] INFO  com.intuit.karate - karate.env system property was: null 
20:22:20.113 [main] INFO  com.intuit.karate - karate.api.proxy system property was: http://stg-proxy.travel.rakuten.co.jp:9050 
20:22:20.114 [main] INFO  com.intuit.karate - karate.ui.proxy system property was: null 
20:22:20.115 [main] INFO  com.intuit.karate - karate.ui.showBrowser system property was: null 
20:22:20.129 [main] INFO  com.intuit.karate - [print] http://stg-proxy.travel.rakuten.co.jp:9050 
20:22:20.188 [main] INFO  com.intuit.karate - [print] http://stg-atrmynotify101z.stg.jp.local/mynotify/deviceLogin/put?rakuten_oauth_api=&akey=iv6k8rA&method=&apiClientId=travel_android&easyId=aaa 
20:22:20.190 [main] INFO  com.intuit.karate - [print] 404 
20:22:20.190 [main] INFO  com.intuit.karate - [print] <!DOCTYPE HTML PUBLIC "-//W3C//DTD HTML 4.01 Transitional//EN" "http://www.w3.org/TR/html4/loose.dtd">
<html lang="ja">
<head>
<meta http-equiv="Content-Type" content="text/html; charset=UTF-8">
<title> 楽天トラベル : 指定されたページが見つかりません（エラー404）</title>
<meta http-equiv="Content-Style-Type" content="text/css">
<style type="text/css">
<!--
h1,h2,h3,hr,ul,li,p {margin: 0; padding: 0;}
h1 {line-height: 1.1; margin: 0 5px; padding-top: 1.1em; font-size: 82%;}
h2 {color: #BF0000; font-size: 125%; border-top: 1px #71BF45 solid; padding: 10px 10px 0; line-height: 1.3;}
hr {display: none;}
#errorTxt {margin: 10px 0 0;}
.code{margin: 0; padding: 0 10px 10px; line-height: 1.3;}
.description{margin: 0px; padding: 10px; border-top: 1px #71BF45 solid; line-height: 1.3;}
.advice {margin: 0 30px 10px; list-style: disc; line-height: 1.3;}
#footer {border-top: 1px #999999 solid; padding: 10px 0 0; line-height: 1.4; font-size: 82%; text-align: center;}
-->
</style>
</head>
<body>
<h1><img src="/error/img/logo.gif" alt="楽天トラベル" width="81" height="43"></h1>
<hr>
<div id="errorTxt">
<h2>指定されたページが見つかりません</h2>
<p class="code">エラー ： 404 Not Found</p>
<p class="description">お手数ですが次のいずれかの方法でページをお探しください。<br>
なおリンクをクリックされていた場合、ページが削除された、またはURL（ページアドレス）が変更された可能性があります。</p>
<ul class="advice">
<li>ブラウザの再読み込みを行う</li>
<li>入力したURL（ページアドレス）にタイプミスがないか確認する</li>
<li>楽天グループのサービス一覧から探す<br>
<a href="//www.rakuten.co.jp/ri/sitemap.html">&gt;&gt;楽天グループのサービス一覧へ</a></li>
<li>ブラウザの「戻る」ボタンを押して前画面からやり直す</li>
</ul>
</div>
<hr>
<p id="footer">Copyright (c) RakutenTravel, Inc. All Rights Reserved.</p>
</body>
</html>
 
]]></system-out>
  </testcase>
  <testcase name="[4.2:54] TC004-AndroidDevicewithindexErrorPattern" classname="rakuten/zeromanual/mynotify/mynotify" time="0.196">
    <system-out><![CDATA[20:22:20.292 [main] INFO  com.intuit.karate - karate.env system property was: null 
20:22:20.292 [main] INFO  com.intuit.karate - karate.api.proxy system property was: http://stg-proxy.travel.rakuten.co.jp:9050 
20:22:20.293 [main] INFO  com.intuit.karate - karate.ui.proxy system property was: null 
20:22:20.293 [main] INFO  com.intuit.karate - karate.ui.showBrowser system property was: null 
20:22:20.303 [main] INFO  com.intuit.karate - [print] http://stg-proxy.travel.rakuten.co.jp:9050 
20:22:20.374 [main] INFO  com.intuit.karate - [print] http://stg-atrmynotify101z.stg.jp.local/mynotify/deviceLogin/index?rakuten_oauth_api=rakutentravel_myapi&akey=aLknnlK&method=put&apiClientId=travel_android&easyId=Ab 
20:22:20.374 [main] INFO  com.intuit.karate - [print] 404 
20:22:20.375 [main] INFO  com.intuit.karate - [print] <!DOCTYPE HTML PUBLIC "-//W3C//DTD HTML 4.01 Transitional//EN" "http://www.w3.org/TR/html4/loose.dtd">
<html lang="ja">
<head>
<meta http-equiv="Content-Type" content="text/html; charset=UTF-8">
<title> 楽天トラベル : 指定されたページが見つかりません（エラー404）</title>
<meta http-equiv="Content-Style-Type" content="text/css">
<style type="text/css">
<!--
h1,h2,h3,hr,ul,li,p {margin: 0; padding: 0;}
h1 {line-height: 1.1; margin: 0 5px; padding-top: 1.1em; font-size: 82%;}
h2 {color: #BF0000; font-size: 125%; border-top: 1px #71BF45 solid; padding: 10px 10px 0; line-height: 1.3;}
hr {display: none;}
#errorTxt {margin: 10px 0 0;}
.code{margin: 0; padding: 0 10px 10px; line-height: 1.3;}
.description{margin: 0px; padding: 10px; border-top: 1px #71BF45 solid; line-height: 1.3;}
.advice {margin: 0 30px 10px; list-style: disc; line-height: 1.3;}
#footer {border-top: 1px #999999 solid; padding: 10px 0 0; line-height: 1.4; font-size: 82%; text-align: center;}
-->
</style>
</head>
<body>
<h1><img src="/error/img/logo.gif" alt="楽天トラベル" width="81" height="43"></h1>
<hr>
<div id="errorTxt">
<h2>指定されたページが見つかりません</h2>
<p class="code">エラー ： 404 Not Found</p>
<p class="description">お手数ですが次のいずれかの方法でページをお探しください。<br>
なおリンクをクリックされていた場合、ページが削除された、またはURL（ページアドレス）が変更された可能性があります。</p>
<ul class="advice">
<li>ブラウザの再読み込みを行う</li>
<li>入力したURL（ページアドレス）にタイプミスがないか確認する</li>
<li>楽天グループのサービス一覧から探す<br>
<a href="//www.rakuten.co.jp/ri/sitemap.html">&gt;&gt;楽天グループのサービス一覧へ</a></li>
<li>ブラウザの「戻る」ボタンを押して前画面からやり直す</li>
</ul>
</div>
<hr>
<p id="footer">Copyright (c) RakutenTravel, Inc. All Rights Reserved.</p>
</body>
</html>
 
]]></system-out>
  </testcase>
  <testcase name="[4.3:54] TC006-AndroidDevicewithdeleteErrorPattern" classname="rakuten/zeromanual/mynotify/mynotify" time="1.461">
    <system-out><![CDATA[20:22:20.493 [main] INFO  com.intuit.karate - karate.env system property was: null 
20:22:20.494 [main] INFO  com.intuit.karate - karate.api.proxy system property was: http://stg-proxy.travel.rakuten.co.jp:9050 
20:22:20.495 [main] INFO  com.intuit.karate - karate.ui.proxy system property was: null 
20:22:20.496 [main] INFO  com.intuit.karate - karate.ui.showBrowser system property was: null 
20:22:20.509 [main] INFO  com.intuit.karate - [print] http://stg-proxy.travel.rakuten.co.jp:9050 
20:22:20.567 [main] INFO  com.intuit.karate - [print] http://stg-atrmynotify101z.stg.jp.local/mynotify/deviceLogin/delete?rakuten_oauth_api=rakutentravel_myapi&akey=aLknnlK&method=delete&apiClientId=travel_android&easyId=aaa 
20:22:20.568 [main] INFO  com.intuit.karate - [print] 404 
20:22:20.569 [main] INFO  com.intuit.karate - [print] <!DOCTYPE HTML PUBLIC "-//W3C//DTD HTML 4.01 Transitional//EN" "http://www.w3.org/TR/html4/loose.dtd">
<html lang="ja">
<head>
<meta http-equiv="Content-Type" content="text/html; charset=UTF-8">
<title> 楽天トラベル : 指定されたページが見つかりません（エラー404）</title>
<meta http-equiv="Content-Style-Type" content="text/css">
<style type="text/css">
<!--
h1,h2,h3,hr,ul,li,p {margin: 0; padding: 0;}
h1 {line-height: 1.1; margin: 0 5px; padding-top: 1.1em; font-size: 82%;}
h2 {color: #BF0000; font-size: 125%; border-top: 1px #71BF45 solid; padding: 10px 10px 0; line-height: 1.3;}
hr {display: none;}
#errorTxt {margin: 10px 0 0;}
.code{margin: 0; padding: 0 10px 10px; line-height: 1.3;}
.description{margin: 0px; padding: 10px; border-top: 1px #71BF45 solid; line-height: 1.3;}
.advice {margin: 0 30px 10px; list-style: disc; line-height: 1.3;}
#footer {border-top: 1px #999999 solid; padding: 10px 0 0; line-height: 1.4; font-size: 82%; text-align: center;}
-->
</style>
</head>
<body>
<h1><img src="/error/img/logo.gif" alt="楽天トラベル" width="81" height="43"></h1>
<hr>
<div id="errorTxt">
<h2>指定されたページが見つかりません</h2>
<p class="code">エラー ： 404 Not Found</p>
<p class="description">お手数ですが次のいずれかの方法でページをお探しください。<br>
なおリンクをクリックされていた場合、ページが削除された、またはURL（ページアドレス）が変更された可能性があります。</p>
<ul class="advice">
<li>ブラウザの再読み込みを行う</li>
<li>入力したURL（ページアドレス）にタイプミスがないか確認する</li>
<li>楽天グループのサービス一覧から探す<br>
<a href="//www.rakuten.co.jp/ri/sitemap.html">&gt;&gt;楽天グループのサービス一覧へ</a></li>
<li>ブラウザの「戻る」ボタンを押して前画面からやり直す</li>
</ul>
</div>
<hr>
<p id="footer">Copyright (c) RakutenTravel, Inc. All Rights Reserved.</p>
</body>
</html>
 
---------------------------------------------------------
feature: classpath:rakuten/zeromanual/mynotify/mynotify.feature
scenarios: 12 | passed: 12 | failed:  0 | time: 1.4838
---------------------------------------------------------

Karate version: 1.4.1
======================================================
elapsed:   6.05 | threads:    1 | thread time: 1.48 
features:     1 | skipped:    0 | efficiency: 0.25
scenarios:   12 | passed:    12 | failed: 0
======================================================

HTML report: (paste into browser to view) | Karate version: 1.4.1
file:///C:/Users/os-tingting.liu/Downloads/test-automation-karate-feature-extent-report-yanni/target/karate-reports/karate-summary.html
===================================================================

]]></system-out>
  </testcase>
</testsuite>